SF:lib/core/error/app_error.dart
DA:2,23
DA:5,3
DA:6,9
DA:10,17
DA:14,2
DA:19,22
DA:23,3
DA:27,2
LF:8
LH:8
end_of_record
SF:lib/core/theme/theme_provider.dart
DA:9,6
DA:10,1
DA:23,1
DA:25,4
DA:26,1
DA:30,1
DA:32,2
DA:35,5
DA:36,2
DA:37,1
DA:45,1
DA:46,1
DA:47,1
DA:50,1
DA:52,3
DA:57,3
DA:70,2
DA:72,8
DA:73,2
DA:77,2
DA:79,4
DA:81,1
DA:83,2
DA:91,1
DA:92,2
DA:93,2
DA:96,1
DA:98,3
DA:103,1
DA:104,3
DA:108,1
DA:109,3
DA:113,6
LF:33
LH:33
end_of_record
SF:lib/core/ssh/connection_config.dart
DA:23,1
DA:24,1
LF:2
LH:2
end_of_record
SF:lib/core/ssh/connection_config.g.dart
DA:9,1
DA:10,1
DA:11,1
DA:12,1
DA:13,1
DA:14,2
DA:15,1
DA:17,2
DA:19,1
DA:21,0
DA:24,1
DA:25,1
DA:26,1
DA:27,1
DA:28,1
DA:29,1
DA:30,1
DA:31,2
DA:32,1
LF:19
LH:18
end_of_record
SF:lib/core/ssh/known_hosts_store.dart
DA:8,2
DA:14,1
DA:15,1
DA:16,2
DA:19,2
DA:21,1
DA:22,3
DA:25,1
DA:26,3
DA:29,1
DA:30,3
DA:38,1
DA:39,1
DA:40,1
DA:42,1
LF:15
LH:15
end_of_record
SF:lib/core/ssh/ssh_client_service.dart
DA:13,2
DA:21,0
DA:26,0
DA:34,2
DA:35,2
DA:37,2
DA:50,4
DA:51,2
DA:52,2
DA:56,0
DA:58,0
DA:59,0
DA:60,0
DA:62,0
DA:63,0
DA:65,0
DA:66,0
DA:67,0
DA:68,0
DA:77,0
DA:78,0
DA:79,2
DA:80,2
DA:81,2
DA:83,2
DA:85,2
DA:88,4
DA:92,1
DA:101,2
DA:103,2
DA:107,1
DA:109,2
DA:114,1
DA:116,1
DA:122,2
DA:134,1
DA:138,1
DA:140,1
DA:143,0
DA:144,2
DA:145,2
DA:147,1
DA:152,1
DA:156,1
DA:158,1
DA:162,1
LF:46
LH:31
end_of_record
SF:lib/core/ssh/keepalive_ssh_socket.dart
DA:11,0
DA:16,0
DA:21,0
DA:24,0
DA:28,0
DA:29,0
DA:36,0
DA:37,0
DA:42,0
DA:43,0
DA:48,0
DA:49,0
DA:51,0
DA:53,0
DA:56,0
DA:59,0
DA:60,0
DA:62,0
DA:63,0
DA:65,0
DA:66,0
DA:68,0
DA:69,0
DA:71,0
DA:72,0
LF:25
LH:0
end_of_record
SF:lib/core/ssh/ssh_key_manager.dart
DA:5,1
DA:11,1
DA:12,3
DA:15,1
DA:16,3
DA:19,1
DA:20,3
DA:23,1
DA:24,2
DA:25,1
DA:26,3
DA:27,4
DA:28,1
DA:31,0
DA:32,0
DA:35,0
DA:36,0
LF:17
LH:13
end_of_record
SF:lib/core/ssh/ssh_channel_manager.dart
DA:10,1
DA:16,0
DA:18,1
DA:23,2
DA:24,1
DA:29,1
DA:31,0
DA:33,2
DA:37,1
DA:39,2
DA:41,2
DA:45,1
DA:47,2
DA:49,2
DA:53,1
DA:54,1
DA:55,2
DA:57,1
DA:59,1
DA:65,2
DA:67,1
DA:69,2
DA:71,2
DA:78,2
DA:96,3
DA:97,1
DA:104,1
DA:107,2
DA:108,1
DA:109,1
DA:110,2
DA:111,1
DA:112,2
DA:113,1
DA:114,2
DA:120,1
DA:128,1
DA:130,4
DA:132,2
DA:136,0
DA:137,0
DA:140,1
DA:141,1
DA:142,2
DA:143,1
DA:144,1
LF:46
LH:42
end_of_record
SF:lib/core/utils/shell_utils.dart
DA:6,6
DA:7,6
DA:8,6
LF:3
LH:3
end_of_record
SF:lib/core/network/connectivity_monitor.dart
DA:14,0
DA:16,0
DA:17,0
DA:18,0
DA:19,0
DA:20,0
DA:27,0
DA:28,0
DA:29,0
DA:31,0
DA:36,4
DA:37,2
LF:12
LH:2
end_of_record
SF:lib/core/utils/format_utils.dart
DA:3,4
DA:5,5
DA:6,12
DA:7,9
DA:8,8
DA:10,15
LF:6
LH:6
end_of_record
SF:lib/core/utils/app_logger.dart
DA:8,5
DA:9,15
DA:14,3
DA:17,5
DA:18,5
DA:19,5
DA:22,10
DA:23,15
DA:24,2
DA:26,10
DA:30,1
DA:31,1
DA:32,2
DA:33,1
DA:34,4
DA:37,1
DA:40,3
DA:44,5
LF:18
LH:18
end_of_record
SF:lib/core/storage/connection_repository.dart
DA:7,1
DA:15,1
DA:16,4
DA:17,2
DA:18,3
DA:20,1
DA:23,1
DA:24,8
DA:25,1
DA:28,1
DA:29,5
DA:32,1
DA:33,8
DA:34,1
DA:35,3
DA:38,1
DA:39,2
DA:40,9
DA:43,1
DA:44,4
DA:45,2
DA:46,3
DA:48,1
LF:23
LH:23
end_of_record
SF:lib/core/storage/database.dart
DA:6,0
DA:7,0
DA:8,0
DA:9,0
DA:10,0
DA:11,0
DA:12,0
DA:13,0
DA:18,1
DA:20,1
DA:23,1
DA:25,1
DA:26,1
DA:27,1
DA:29,0
LF:15
LH:6
end_of_record
SF:lib/core/storage/database.g.dart
DA:11,1
DA:14,2
DA:15,1
DA:20,1
DA:23,2
DA:24,1
DA:28,2
DA:29,1
DA:33,2
DA:34,1
DA:41,2
DA:42,1
DA:47,2
DA:48,1
DA:55,2
DA:56,1
DA:60,1
DA:62,8
DA:63,1
DA:64,2
DA:65,1
DA:68,1
DA:71,1
DA:72,1
DA:73,1
DA:74,0
DA:76,1
DA:77,1
DA:78,3
DA:80,0
DA:82,1
DA:83,1
DA:84,3
DA:86,0
DA:88,1
DA:89,1
DA:90,3
DA:92,1
DA:93,1
DA:94,3
DA:96,0
DA:98,1
DA:99,1
DA:101,2
DA:102,1
DA:104,1
DA:105,1
DA:106,3
DA:111,1
DA:112,1
DA:113,1
DA:115,0
DA:116,1
DA:117,2
DA:118,3
DA:119,2
DA:120,3
DA:121,2
DA:122,3
DA:123,2
DA:124,3
DA:125,2
DA:126,3
DA:127,2
DA:128,3
DA:129,2
DA:130,3
DA:134,0
DA:136,0
DA:148,4
DA:156,0
DA:158,0
DA:159,0
DA:160,0
DA:161,0
DA:162,0
DA:163,0
DA:164,0
DA:165,0
DA:169,0
DA:170,0
DA:171,0
DA:172,0
DA:173,0
DA:174,0
DA:175,0
DA:176,0
DA:177,0
DA:181,0
DA:183,0
DA:184,0
DA:185,0
DA:186,0
DA:187,0
DA:188,0
DA:189,0
DA:190,0
DA:191,0
DA:194,0
DA:196,0
DA:197,0
DA:198,0
DA:199,0
DA:200,0
DA:201,0
DA:202,0
DA:203,0
DA:204,0
DA:208,0
DA:216,0
DA:217,0
DA:218,0
DA:219,0
DA:220,0
DA:221,0
DA:222,0
DA:223,0
DA:225,0
DA:226,0
DA:227,0
DA:228,0
DA:229,0
DA:230,0
DA:231,0
DA:233,0
DA:234,0
DA:238,0
DA:240,0
DA:241,0
DA:242,0
DA:243,0
DA:244,0
DA:245,0
DA:246,0
DA:247,0
DA:248,0
DA:249,0
DA:252,0
DA:254,0
DA:255,0
DA:258,0
DA:259,0
DA:260,0
DA:261,0
DA:262,0
DA:263,0
DA:264,0
DA:265,0
DA:276,2
DA:285,2
DA:293,2
DA:294,2
DA:295,2
DA:296,0
DA:305,0
DA:306,0
DA:307,0
DA:308,0
DA:309,0
DA:310,0
DA:311,0
DA:312,0
DA:316,0
DA:324,0
DA:325,0
DA:326,0
DA:327,0
DA:328,0
DA:329,0
DA:330,0
DA:331,0
DA:335,1
DA:337,1
DA:338,2
DA:339,0
DA:341,2
DA:342,4
DA:344,2
DA:345,4
DA:347,2
DA:348,4
DA:350,2
DA:351,4
DA:353,2
DA:354,4
DA:356,2
DA:357,4
DA:362,0
DA:364,0
DA:365,0
DA:366,0
DA:367,0
DA:368,0
DA:369,0
DA:370,0
DA:371,0
DA:372,0
DA:373,0
DA:378,2
DA:379,0
DA:380,2
DA:381,0
DA:383,0
DA:384,1
DA:385,2
DA:411,0
DA:418,0
DA:419,0
DA:421,0
DA:422,0
DA:424,0
DA:425,0
DA:427,0
DA:428,0
DA:430,0
DA:431,0
DA:433,0
DA:434,0
DA:436,0
DA:437,0
DA:442,0
DA:449,0
DA:450,0
DA:452,0
DA:453,0
DA:455,0
DA:456,0
DA:458,0
DA:459,0
DA:461,0
DA:462,0
DA:464,0
DA:465,0
DA:467,0
DA:468,0
DA:473,0
DA:480,0
DA:481,0
DA:483,0
DA:484,0
DA:486,0
DA:487,0
DA:489,0
DA:490,0
DA:492,0
DA:493,0
DA:495,0
DA:496,0
DA:498,0
DA:499,0
DA:514,0
DA:515,0
DA:518,0
DA:519,0
DA:520,0
DA:521,0
DA:522,0
DA:523,0
DA:524,0
DA:533,0
DA:542,0
DA:551,0
DA:560,0
DA:561,0
DA:562,0
DA:582,0
DA:583,0
DA:584,0
LF:268
LH:87
end_of_record
SF:lib/core/storage/secure_storage.dart
DA:4,2
DA:13,0
DA:14,0
DA:15,0
DA:20,0
DA:21,0
DA:24,2
DA:25,6
DA:28,0
DA:29,0
DA:32,0
DA:33,0
DA:36,2
DA:37,6
DA:40,1
DA:41,2
DA:42,1
DA:47,1
DA:48,3
DA:51,2
DA:52,6
DA:55,2
DA:56,2
DA:57,2
DA:58,2
LF:25
LH:16
end_of_record
SF:lib/widgets/terminal_scroll_interceptor.dart
DA:27,2
DA:41,2
DA:43,2
DA:66,1
DA:67,3
DA:68,1
DA:69,2
DA:70,1
DA:71,3
DA:74,2
DA:78,2
DA:79,2
DA:80,2
DA:81,2
DA:82,2
DA:83,4
DA:87,1
DA:89,2
DA:91,2
DA:93,3
DA:95,2
DA:96,1
DA:97,2
DA:98,2
DA:99,1
DA:100,1
DA:101,2
DA:102,1
DA:105,1
DA:106,3
DA:107,3
DA:108,0
DA:114,2
DA:115,3
DA:116,6
DA:117,6
DA:118,1
DA:121,1
DA:122,0
DA:123,0
DA:128,1
DA:131,1
DA:132,6
DA:133,6
DA:135,2
DA:136,1
DA:137,2
DA:138,1
DA:139,1
DA:144,1
DA:146,5
DA:147,2
DA:148,2
DA:150,1
DA:152,3
DA:156,2
DA:157,2
DA:161,7
DA:162,6
DA:167,1
DA:171,0
DA:178,1
DA:179,3
DA:180,1
DA:184,0
DA:185,0
DA:186,0
DA:193,1
DA:194,2
DA:197,1
DA:198,2
DA:203,1
DA:207,1
DA:209,0
DA:211,1
DA:212,0
DA:214,2
DA:215,2
DA:216,2
DA:217,1
DA:219,0
DA:221,0
DA:225,2
DA:229,1
DA:230,1
DA:231,1
DA:232,1
DA:233,1
DA:234,1
LF:89
LH:78
end_of_record
SF:lib/widgets/terminal_selection_toolbar.dart
DA:7,1
DA:24,1
DA:26,2
DA:27,1
DA:29,1
DA:30,1
DA:31,1
DA:33,1
DA:35,1
DA:36,1
DA:37,1
DA:40,0
DA:43,1
DA:46,2
DA:48,1
DA:51,2
DA:53,1
DA:56,1
DA:57,2
DA:58,2
DA:67,0
DA:68,0
DA:70,0
DA:71,0
DA:72,0
DA:74,0
DA:78,1
DA:79,2
DA:81,3
DA:82,2
DA:83,2
DA:84,2
DA:85,2
DA:93,1
DA:94,1
DA:95,1
DA:96,1
DA:97,2
DA:99,2
DA:100,2
DA:105,1
DA:115,1
DA:117,1
DA:118,1
DA:119,1
DA:120,1
DA:122,1
DA:124,1
DA:125,2
DA:127,1
DA:128,1
LF:51
LH:44
end_of_record
SF:lib/features/claude_usage/claude_usage_dialog.dart
DA:13,1
DA:20,1
DA:21,1
DA:28,2
DA:32,1
DA:33,1
DA:41,1
DA:43,1
DA:44,1
DA:47,1
DA:48,2
DA:49,1
DA:50,1
DA:54,1
DA:55,5
DA:56,1
DA:58,2
DA:59,1
DA:60,1
DA:65,1
DA:66,1
DA:67,2
DA:68,1
DA:69,1
DA:72,1
DA:73,2
DA:74,1
DA:75,2
DA:80,1
DA:134,1
DA:135,2
DA:137,1
DA:138,1
DA:142,1
DA:143,2
DA:147,1
DA:149,2
DA:152,1
DA:153,2
DA:156,1
DA:159,1
DA:161,4
DA:162,1
DA:163,1
DA:164,1
DA:165,1
DA:167,1
DA:170,1
DA:171,1
DA:172,1
DA:186,1
DA:187,1
DA:189,1
DA:195,1
DA:196,1
DA:202,1
DA:203,1
DA:204,1
DA:205,1
DA:213,1
DA:214,1
DA:216,1
DA:217,2
DA:218,1
DA:220,1
DA:221,1
DA:224,1
DA:225,1
DA:226,1
DA:235,1
DA:236,1
DA:237,1
DA:239,1
DA:241,1
DA:243,1
DA:244,2
DA:245,1
DA:247,1
DA:248,3
DA:255,1
DA:256,1
DA:258,2
DA:259,2
DA:260,3
DA:262,1
DA:265,1
DA:266,1
DA:268,2
DA:269,2
DA:270,3
DA:272,1
DA:275,1
DA:276,4
DA:277,1
DA:279,2
DA:280,2
DA:281,3
DA:287,1
DA:288,3
DA:289,0
DA:291,0
DA:292,0
DA:293,0
DA:297,3
DA:299,1
DA:301,1
DA:304,1
DA:305,3
DA:306,1
DA:313,1
DA:320,2
DA:321,1
DA:323,1
DA:325,1
DA:326,1
DA:328,1
DA:329,1
DA:332,1
DA:333,2
DA:334,1
DA:335,1
DA:338,1
DA:344,1
DA:345,1
DA:346,1
DA:347,1
DA:354,1
DA:356,1
DA:357,1
DA:366,1
DA:367,1
DA:368,1
DA:369,1
DA:373,1
DA:375,1
DA:377,1
DA:379,1
DA:381,1
DA:388,1
DA:389,2
DA:390,1
DA:392,1
DA:393,2
DA:394,2
DA:395,0
DA:396,0
DA:397,0
DA:399,1
DA:400,2
DA:401,1
DA:406,1
DA:426,1
DA:427,1
DA:428,1
DA:429,1
DA:430,2
DA:431,2
DA:432,2
DA:433,2
DA:435,2
DA:438,2
DA:440,1
DA:442,2
DA:444,1
DA:450,1
DA:455,1
DA:456,1
DA:457,2
DA:459,1
DA:461,1
DA:463,1
LF:171
LH:164
end_of_record
SF:lib/features/terminal/terminal_connection_provider.dart
DA:28,23
DA:47,1
DA:57,1
DA:58,1
DA:59,1
DA:60,1
DA:62,1
DA:65,1
DA:66,1
DA:122,1
DA:127,1
DA:128,1
DA:129,1
DA:130,2
DA:131,1
DA:134,2
DA:136,6
DA:140,1
DA:147,3
DA:148,3
DA:152,0
DA:153,0
DA:154,0
DA:155,0
DA:156,0
DA:158,0
DA:160,0
DA:164,0
DA:170,0
DA:171,0
DA:173,0
DA:174,0
DA:175,0
DA:177,0
DA:185,1
DA:193,1
DA:194,1
DA:195,2
DA:196,2
DA:197,0
DA:198,2
DA:203,0
DA:204,0
DA:206,0
DA:209,0
DA:210,0
DA:216,0
DA:217,0
DA:219,0
DA:222,0
DA:223,0
DA:232,0
DA:235,0
DA:237,0
DA:238,0
DA:239,0
DA:241,0
DA:242,0
DA:246,0
DA:247,0
DA:248,0
DA:249,0
DA:250,0
DA:255,0
DA:257,0
DA:258,0
DA:259,0
DA:260,0
DA:261,0
DA:262,0
DA:264,0
DA:267,0
DA:268,0
DA:270,0
DA:274,0
DA:275,0
DA:276,0
DA:277,0
DA:284,0
DA:285,0
DA:286,0
DA:287,0
DA:294,1
DA:295,1
DA:296,2
DA:298,2
DA:300,3
DA:302,2
DA:303,1
DA:308,2
DA:309,2
DA:310,3
DA:311,2
DA:313,0
DA:318,1
DA:320,3
DA:321,3
DA:322,1
DA:323,4
DA:327,4
DA:328,1
DA:329,1
DA:332,3
DA:338,1
DA:343,1
DA:344,1
DA:346,2
DA:347,2
DA:348,4
DA:349,3
DA:358,3
DA:359,3
DA:360,1
DA:361,6
DA:363,3
DA:365,3
DA:368,2
DA:369,3
DA:370,1
DA:375,1
DA:376,1
DA:377,1
DA:378,3
DA:380,1
DA:381,2
DA:383,3
DA:389,1
DA:392,4
DA:393,1
DA:394,1
DA:395,1
DA:396,1
DA:397,1
DA:401,0
DA:403,0
DA:405,0
DA:406,0
DA:408,4
DA:409,3
DA:412,1
DA:416,1
DA:418,1
DA:425,1
DA:426,1
DA:427,5
DA:428,3
DA:431,4
DA:432,2
DA:433,3
DA:434,1
DA:440,1
DA:441,1
DA:442,1
DA:443,2
DA:444,2
DA:445,4
DA:452,2
DA:457,1
DA:458,1
DA:459,2
DA:460,1
DA:461,2
DA:462,1
DA:466,1
DA:467,1
DA:471,1
DA:472,1
DA:473,1
DA:475,1
DA:477,1
DA:481,1
DA:482,3
DA:483,1
DA:486,1
DA:489,1
DA:490,3
DA:493,1
DA:495,2
DA:496,5
DA:497,2
DA:498,4
DA:499,1
DA:500,1
DA:506,1
DA:507,1
DA:508,3
DA:509,3
DA:510,1
DA:513,3
DA:514,4
DA:515,1
DA:516,2
DA:517,1
DA:522,3
DA:523,1
DA:525,1
DA:530,2
DA:531,1
DA:535,1
DA:539,1
DA:540,1
DA:541,1
DA:546,4
DA:547,1
DA:552,1
DA:553,1
DA:554,1
DA:555,4
DA:556,1
DA:557,2
DA:558,1
DA:564,1
DA:570,1
DA:571,1
DA:572,1
DA:573,1
DA:584,1
DA:585,1
DA:589,1
DA:590,1
DA:594,1
DA:595,1
DA:600,1
DA:601,1
DA:605,1
DA:606,1
DA:610,1
DA:612,1
DA:616,1
DA:618,1
DA:621,1
DA:625,1
DA:626,1
DA:630,1
DA:632,2
DA:633,1
DA:637,1
DA:639,1
DA:644,1
DA:646,2
DA:647,2
DA:648,1
DA:649,2
DA:654,0
DA:655,0
DA:656,0
DA:658,0
DA:659,0
DA:662,1
DA:663,1
DA:666,1
DA:667,2
DA:669,3
DA:670,1
DA:672,1
DA:673,2
DA:674,1
DA:676,4
DA:678,1
DA:679,1
DA:680,1
DA:681,2
DA:683,1
DA:686,1
DA:688,1
DA:694,0
DA:695,0
DA:696,0
DA:697,0
DA:700,0
DA:706,2
DA:707,8
DA:708,2
DA:709,2
DA:710,3
DA:711,2
DA:712,2
DA:713,3
DA:714,2
DA:715,2
DA:716,2
DA:717,2
DA:718,4
DA:719,2
DA:720,2
DA:721,3
DA:722,3
DA:723,2
DA:724,2
DA:725,2
DA:726,2
DA:729,2
DA:730,3
DA:731,2
DA:732,2
DA:736,24
DA:752,1
DA:753,1
DA:754,2
DA:755,1
DA:756,1
DA:758,2
LF:302
LH:231
end_of_record
SF:lib/core/background/ssh_foreground_service.dart
DA:14,0
DA:15,0
DA:19,0
DA:20,0
DA:30,0
DA:31,0
DA:42,1
DA:43,1
DA:48,0
DA:49,0
DA:50,0
DA:58,0
DA:60,0
DA:63,0
DA:69,0
DA:72,0
DA:73,0
DA:79,0
DA:81,0
DA:91,1
DA:92,1
DA:94,0
DA:95,0
DA:102,0
DA:104,0
DA:110,0
DA:112,0
DA:113,0
DA:116,0
DA:118,0
DA:120,0
DA:121,0
DA:123,0
DA:126,0
DA:128,0
LF:35
LH:4
end_of_record
SF:lib/core/navigation/navigator_key.dart
DA:5,0
LF:1
LH:0
end_of_record
SF:lib/core/notification/notification_service.dart
DA:4,1
DA:5,3
DA:10,0
DA:11,0
DA:20,0
DA:21,0
DA:25,0
DA:27,1
DA:33,1
DA:50,0
DA:52,0
DA:53,0
DA:61,0
DA:62,0
DA:63,0
LF:15
LH:4
end_of_record
SF:lib/features/terminal/host_key_dialog.dart
DA:6,1
DA:15,1
DA:17,1
DA:18,1
DA:19,2
DA:22,1
DA:25,1
DA:26,1
DA:27,2
DA:28,3
DA:36,1
DA:37,0
DA:38,0
DA:39,0
DA:43,1
DA:45,1
DA:46,1
DA:47,1
DA:49,1
DA:50,1
DA:64,1
DA:65,1
DA:66,3
DA:69,1
DA:70,3
DA:81,1
DA:92,1
DA:94,1
DA:95,1
DA:96,1
DA:97,2
DA:98,1
DA:99,1
DA:102,1
DA:103,1
DA:105,1
DA:106,1
DA:114,1
DA:117,1
DA:118,1
DA:119,2
DA:126,1
DA:130,2
DA:133,1
DA:135,1
DA:138,1
DA:140,1
DA:145,1
DA:146,1
DA:147,3
DA:148,1
DA:151,1
DA:152,3
DA:153,1
DA:162,1
DA:172,1
DA:174,1
DA:176,1
DA:177,1
DA:178,1
DA:179,1
DA:180,1
DA:185,1
DA:187,1
DA:188,2
DA:189,1
DA:191,1
DA:192,1
DA:193,1
DA:196,2
LF:70
LH:67
end_of_record
SF:lib/features/terminal/session_manager.dart
DA:8,2
DA:24,16
DA:34,1
DA:40,1
DA:41,1
DA:44,1
DA:45,1
DA:53,2
DA:58,1
DA:59,2
DA:60,2
DA:61,1
DA:66,4
DA:67,3
DA:68,2
DA:73,1
DA:75,7
DA:77,4
DA:79,2
DA:80,1
DA:81,3
DA:83,3
DA:90,1
DA:91,1
DA:93,2
DA:98,1
DA:99,3
DA:104,1
DA:105,3
DA:106,2
DA:107,2
DA:108,1
DA:116,1
DA:120,2
DA:121,2
DA:122,1
DA:125,1
DA:128,4
DA:129,3
DA:130,2
DA:135,1
DA:137,3
DA:141,1
DA:142,1
DA:143,2
DA:145,0
DA:151,6
DA:152,3
LF:48
LH:47
end_of_record
SF:lib/features/connections/connection_provider.dart
DA:8,0
DA:9,0
DA:12,6
DA:13,0
DA:16,9
DA:17,0
DA:18,0
DA:19,0
DA:23,0
DA:24,0
DA:25,0
DA:29,1
DA:31,4
DA:34,1
DA:43,3
DA:44,2
DA:47,1
DA:49,1
DA:52,1
DA:56,1
DA:66,3
DA:67,1
DA:69,1
DA:70,1
DA:71,1
DA:72,1
DA:73,1
DA:74,1
DA:78,1
DA:85,1
DA:91,3
DA:92,1
DA:93,1
DA:95,1
DA:96,1
DA:99,2
DA:103,1
DA:106,4
DA:107,2
DA:111,6
DA:112,3
LF:41
LH:32
end_of_record
SF:lib/features/connections/connection_list_screen.dart
DA:9,1
DA:11,1
DA:13,2
DA:15,1
DA:16,1
DA:17,1
DA:21,1
DA:22,1
DA:25,1
DA:28,0
DA:33,1
DA:34,1
DA:35,1
DA:36,1
DA:37,1
DA:39,1
DA:40,2
DA:42,1
DA:44,3
DA:52,1
DA:53,1
DA:54,1
DA:55,1
DA:56,1
DA:60,1
DA:61,0
DA:63,1
DA:66,1
DA:67,0
DA:68,0
DA:79,1
DA:83,1
DA:85,1
DA:86,1
DA:87,3
DA:90,1
DA:91,7
DA:93,8
DA:95,0
DA:96,0
DA:97,0
DA:98,0
DA:99,0
DA:100,0
DA:103,0
DA:105,1
DA:106,1
DA:108,2
DA:109,1
DA:111,1
DA:112,1
DA:115,0
DA:116,0
DA:117,0
DA:118,0
DA:122,1
DA:126,0
DA:127,0
DA:128,0
DA:139,0
DA:140,0
DA:142,0
DA:144,0
DA:145,0
DA:147,0
DA:148,0
DA:149,0
DA:152,0
DA:153,0
DA:155,0
DA:156,0
DA:157,0
DA:159,0
LF:73
LH:41
end_of_record
SF:lib/widgets/quick_action_bar.dart
DA:7,2
DA:38,2
DA:40,2
DA:41,2
DA:43,2
DA:45,2
DA:47,2
DA:48,2
DA:49,2
DA:51,3
DA:53,2
DA:55,3
DA:57,2
DA:59,3
DA:61,2
DA:62,2
DA:64,2
DA:66,2
DA:67,2
DA:69,2
DA:71,2
DA:73,0
DA:75,2
DA:77,0
DA:79,2
DA:80,2
DA:82,3
DA:84,2
DA:86,0
DA:88,2
DA:90,0
DA:92,2
DA:94,0
DA:96,2
DA:97,2
DA:99,2
DA:101,2
DA:103,2
DA:105,2
DA:107,2
DA:109,2
DA:111,2
DA:113,2
DA:114,2
DA:115,2
DA:116,2
DA:117,2
DA:119,4
DA:120,4
DA:121,2
DA:123,2
DA:126,4
DA:127,2
DA:129,2
DA:132,4
DA:133,2
DA:134,2
DA:136,3
DA:138,2
DA:140,3
DA:142,2
DA:144,3
DA:146,3
DA:148,1
DA:149,1
DA:150,1
DA:160,1
DA:161,1
DA:163,1
DA:164,1
DA:167,2
DA:168,1
DA:169,1
DA:171,1
DA:174,2
DA:175,1
DA:176,1
DA:177,1
DA:180,1
DA:181,1
DA:182,2
DA:183,1
DA:187,2
DA:189,1
DA:212,1
DA:213,1
DA:219,2
DA:229,2
DA:231,2
DA:233,2
DA:234,4
DA:235,2
DA:236,2
DA:237,2
DA:238,2
DA:239,2
DA:243,2
DA:252,2
DA:260,2
DA:262,2
DA:263,2
DA:264,5
DA:265,2
DA:268,2
DA:275,2
DA:283,2
DA:285,2
DA:300,1
DA:301,2
DA:302,1
DA:303,1
DA:304,3
DA:305,2
DA:306,1
DA:311,1
DA:312,1
DA:313,1
DA:314,6
DA:315,1
DA:316,1
DA:320,1
DA:321,3
DA:322,3
DA:323,1
DA:325,3
DA:326,3
DA:327,1
DA:328,0
DA:331,3
DA:336,1
DA:337,1
DA:338,2
DA:339,1
DA:340,1
DA:343,1
DA:344,2
DA:345,2
DA:346,1
DA:347,2
DA:348,1
DA:349,1
DA:353,3
DA:354,3
DA:356,1
DA:357,3
DA:361,2
DA:365,2
DA:366,2
DA:367,2
DA:368,2
DA:369,2
DA:370,2
DA:373,2
DA:375,2
DA:376,2
DA:377,2
DA:380,2
DA:382,2
DA:384,2
DA:385,2
DA:386,2
DA:387,2
DA:388,0
DA:389,2
DA:393,2
DA:394,5
DA:395,2
DA:397,6
DA:405,2
DA:409,2
DA:415,2
DA:417,2
DA:418,2
DA:419,2
DA:420,4
DA:421,2
DA:422,2
LF:177
LH:170
end_of_record
SF:lib/features/server_monitor/server_monitor_dialog.dart
DA:13,1
DA:20,1
DA:21,1
DA:28,2
DA:32,1
DA:34,1
DA:44,1
DA:46,1
DA:47,1
DA:48,3
DA:49,1
DA:53,1
DA:55,2
DA:56,1
DA:59,1
DA:61,1
DA:64,2
DA:65,1
DA:66,2
DA:70,1
DA:71,5
DA:72,1
DA:74,1
DA:75,2
DA:76,1
DA:77,1
DA:82,1
DA:83,1
DA:84,2
DA:85,1
DA:86,1
DA:87,1
DA:90,1
DA:91,2
DA:92,1
DA:93,2
DA:96,1
DA:102,1
DA:104,2
DA:106,2
DA:108,2
DA:109,1
DA:112,1
DA:114,4
DA:115,1
DA:116,1
DA:117,1
DA:118,1
DA:120,1
DA:123,1
DA:125,1
DA:126,1
DA:140,2
DA:141,1
DA:143,1
DA:144,3
DA:145,1
DA:152,2
DA:153,1
DA:159,2
DA:160,1
DA:161,1
DA:162,1
DA:163,1
DA:164,1
DA:174,1
DA:175,1
DA:177,1
DA:178,2
DA:179,1
DA:181,1
DA:182,1
DA:185,1
DA:186,1
DA:187,1
DA:196,1
DA:197,1
DA:198,1
DA:200,1
DA:202,1
DA:205,1
DA:207,1
DA:208,2
DA:209,2
DA:210,2
DA:217,1
DA:220,1
DA:222,1
DA:223,2
DA:224,2
DA:225,2
DA:232,3
DA:233,1
DA:236,1
DA:238,1
DA:239,1
DA:240,1
DA:241,1
DA:242,3
DA:244,4
DA:249,2
DA:250,4
DA:251,5
DA:262,3
DA:263,1
DA:266,1
DA:267,1
DA:268,3
DA:270,1
DA:272,1
DA:273,1
DA:276,1
DA:277,1
DA:278,1
DA:279,1
DA:286,1
DA:287,2
DA:288,1
DA:289,2
DA:293,2
DA:301,1
DA:302,1
DA:303,1
DA:304,2
DA:306,2
DA:311,1
DA:312,5
DA:319,1
DA:326,2
DA:327,1
DA:330,1
DA:331,1
DA:358,4
DA:360,1
DA:361,1
DA:362,1
DA:364,1
DA:365,1
DA:371,1
DA:373,1
DA:374,1
DA:380,1
DA:382,1
DA:383,1
DA:400,1
DA:405,1
DA:408,1
DA:409,1
DA:410,1
DA:412,1
DA:414,1
DA:415,1
DA:416,1
DA:417,1
DA:419,1
DA:436,1
DA:437,1
DA:439,1
DA:441,1
DA:442,1
DA:444,1
DA:449,1
DA:450,1
DA:460,1
DA:461,1
DA:462,1
DA:463,1
DA:469,1
DA:475,1
DA:476,1
DA:477,1
DA:478,2
DA:482,1
DA:483,1
DA:484,1
DA:485,2
DA:496,1
DA:520,1
DA:521,1
DA:522,1
DA:532,2
DA:533,1
DA:534,1
DA:535,2
DA:537,2
DA:539,1
DA:540,3
DA:541,1
DA:542,1
DA:543,3
DA:547,3
DA:552,3
DA:553,2
DA:554,3
DA:555,3
DA:560,2
DA:561,2
DA:562,3
DA:564,2
DA:565,2
DA:566,2
DA:576,2
DA:577,1
DA:578,1
DA:579,4
DA:580,3
DA:581,2
DA:582,2
DA:583,2
DA:586,2
DA:587,1
DA:588,2
DA:589,2
DA:590,2
DA:591,1
DA:592,1
DA:593,1
DA:594,1
DA:595,2
DA:605,2
DA:606,1
DA:607,2
DA:608,2
DA:609,2
DA:610,1
DA:611,1
DA:612,2
DA:624,2
DA:625,1
DA:626,3
DA:627,2
DA:628,2
DA:629,2
DA:631,2
DA:632,1
DA:633,1
DA:634,2
DA:635,2
DA:643,1
DA:644,1
DA:645,1
DA:646,1
DA:659,1
DA:673,1
LF:244
LH:244
end_of_record
SF:lib/features/terminal/ime/ime_input_handler.dart
DA:10,1
DA:22,3
DA:23,3
DA:25,1
DA:26,2
DA:30,2
DA:31,6
DA:33,4
DA:34,2
DA:36,2
DA:37,2
DA:39,3
DA:45,1
DA:46,2
DA:47,1
DA:49,1
DA:50,2
DA:52,3
DA:55,1
DA:56,2
DA:57,1
DA:59,1
DA:60,2
DA:62,3
DA:66,1
DA:67,2
DA:71,2
DA:74,1
DA:75,1
DA:76,2
DA:79,1
DA:80,2
DA:83,1
DA:84,2
DA:85,2
LF:35
LH:35
end_of_record
SF:lib/features/terminal/ime/composition_buffer.dart
DA:8,4
DA:9,4
DA:10,4
DA:12,2
DA:13,2
DA:14,2
DA:17,2
DA:18,2
DA:19,2
DA:22,2
DA:23,2
DA:26,2
DA:27,2
DA:28,2
DA:29,2
DA:34,2
DA:35,2
DA:36,2
DA:38,2
DA:39,4
DA:45,3
DA:46,0
DA:47,1
DA:48,1
DA:49,3
DA:50,0
DA:56,2
DA:58,0
DA:68,2
DA:69,8
LF:30
LH:27
end_of_record
SF:lib/features/terminal/terminal_input_provider.dart
DA:7,1
DA:11,1
DA:12,4
DA:15,1
DA:16,2
DA:19,1
DA:21,3
DA:22,3
DA:25,1
DA:26,3
DA:29,1
DA:30,3
DA:33,1
DA:34,1
DA:37,1
DA:38,1
DA:41,1
DA:42,1
DA:45,1
DA:46,1
DA:49,1
DA:50,1
DA:53,1
DA:55,2
DA:58,1
DA:59,2
LF:26
LH:26
end_of_record
SF:lib/features/terminal/password_dialog.dart
DA:5,1
DA:9,1
DA:10,1
DA:13,2
DA:14,2
DA:15,1
DA:23,4
DA:25,1
DA:26,1
DA:27,3
DA:30,1
DA:31,4
DA:41,1
DA:42,1
DA:43,1
DA:46,2
DA:48,1
DA:57,4
DA:59,1
DA:60,1
DA:61,3
DA:64,1
DA:65,4
LF:23
LH:23
end_of_record
SF:lib/features/connections/connection_edit_screen.dart
DA:11,1
DA:15,1
DA:17,1
DA:33,1
DA:35,1
DA:36,2
DA:37,1
DA:38,1
DA:42,1
DA:43,3
DA:44,3
DA:45,1
DA:46,3
DA:47,3
DA:48,4
DA:49,3
DA:50,2
DA:51,2
DA:54,3
DA:55,2
DA:56,0
DA:57,0
DA:60,2
DA:61,0
DA:62,0
DA:65,2
DA:66,0
DA:67,0
DA:72,1
DA:74,2
DA:75,2
DA:76,2
DA:77,2
DA:78,2
DA:79,2
DA:80,2
DA:81,1
DA:84,0
DA:86,0
DA:90,0
DA:91,0
DA:93,0
DA:94,0
DA:95,0
DA:98,0
DA:99,0
DA:100,0
DA:106,1
DA:108,1
DA:109,1
DA:110,2
DA:112,1
DA:113,1
DA:114,1
DA:116,1
DA:117,1
DA:118,1
DA:126,1
DA:127,1
DA:133,1
DA:134,2
DA:141,1
DA:142,1
DA:148,2
DA:149,1
DA:150,1
DA:151,1
DA:152,2
DA:159,1
DA:160,1
DA:165,1
DA:166,2
DA:173,1
DA:174,1
DA:183,1
DA:185,3
DA:190,2
DA:191,1
DA:192,1
DA:199,3
DA:200,1
DA:201,1
DA:211,1
DA:212,2
DA:213,1
DA:220,1
DA:221,1
DA:226,1
DA:227,1
DA:236,1
DA:237,1
DA:238,2
DA:239,1
DA:246,2
DA:254,1
DA:255,3
DA:257,3
DA:260,4
DA:261,2
DA:263,2
DA:265,1
DA:266,0
DA:267,0
DA:268,0
DA:269,0
DA:270,0
DA:271,0
DA:272,0
DA:274,0
DA:278,0
DA:279,0
DA:280,0
DA:282,0
DA:286,1
DA:287,3
DA:288,3
DA:289,3
DA:290,3
DA:291,1
DA:293,4
DA:296,0
DA:297,0
DA:298,0
DA:302,1
DA:303,3
DA:306,1
DA:307,3
LF:127
LH:96
end_of_record
SF:lib/features/terminal/terminal_screen.dart
DA:37,1
DA:39,1
DA:40,1
DA:48,1
DA:50,1
DA:51,2
DA:52,3
DA:54,2
DA:57,1
DA:59,2
DA:60,3
DA:61,2
DA:62,2
DA:63,1
DA:66,0
DA:67,0
DA:68,0
DA:69,0
DA:73,0
DA:74,0
DA:75,0
DA:76,0
DA:81,0
DA:82,0
DA:83,0
DA:84,0
DA:85,0
DA:88,0
DA:89,0
DA:90,0
DA:96,0
DA:97,0
DA:98,0
DA:99,0
DA:100,0
DA:101,0
DA:102,0
DA:109,0
DA:110,0
DA:112,0
DA:114,0
DA:116,0
DA:123,0
DA:125,0
DA:126,0
DA:129,0
DA:130,0
DA:132,0
DA:133,0
DA:137,0
DA:138,0
DA:140,0
DA:141,0
DA:142,0
DA:143,0
DA:144,0
DA:145,0
DA:149,0
DA:150,0
DA:151,0
DA:153,0
DA:154,0
DA:155,0
DA:156,0
DA:163,0
DA:164,0
DA:165,0
DA:167,0
DA:169,0
DA:170,0
DA:171,0
DA:173,0
DA:184,0
DA:187,0
DA:188,0
DA:191,0
DA:192,0
DA:193,0
DA:195,0
DA:204,0
DA:205,0
DA:206,0
DA:212,1
DA:214,3
DA:215,1
DA:217,2
DA:218,4
DA:219,0
DA:221,0
DA:233,1
DA:234,0
DA:235,0
DA:243,1
DA:245,7
DA:246,1
DA:249,5
DA:251,1
DA:252,1
DA:255,1
DA:256,4
DA:257,1
DA:258,1
DA:259,2
DA:262,0
DA:264,0
DA:265,0
DA:266,0
DA:267,0
DA:272,1
DA:273,4
DA:274,1
DA:275,1
DA:276,1
DA:277,1
DA:278,0
DA:281,0
DA:286,0
DA:288,0
DA:290,0
DA:292,0
DA:294,0
DA:297,1
DA:298,1
DA:299,1
DA:300,2
DA:303,0
DA:306,2
DA:307,1
DA:308,2
DA:309,0
DA:317,1
DA:318,2
DA:321,0
DA:324,1
DA:327,0
DA:329,1
DA:331,0
DA:332,0
DA:333,0
DA:334,0
DA:335,0
DA:336,0
DA:338,0
DA:339,0
DA:340,0
DA:341,0
DA:343,0
DA:347,0
DA:382,1
DA:384,1
DA:386,1
DA:387,0
DA:388,0
DA:389,0
DA:390,0
DA:391,0
DA:392,0
DA:396,1
DA:398,2
DA:399,0
DA:400,0
DA:401,0
DA:403,0
DA:404,0
DA:405,0
DA:406,0
DA:408,0
DA:410,0
DA:411,0
DA:412,0
DA:413,0
DA:418,1
DA:421,3
DA:422,2
DA:423,1
DA:424,1
DA:425,3
DA:426,1
DA:427,1
DA:429,1
DA:439,1
DA:451,1
DA:452,1
DA:459,0
DA:461,0
DA:462,0
DA:463,0
DA:464,0
DA:469,1
DA:471,2
DA:472,1
DA:475,0
DA:476,0
DA:478,0
DA:480,0
DA:487,1
DA:490,6
DA:491,2
DA:493,1
DA:495,1
DA:496,1
DA:498,3
DA:499,1
DA:500,3
DA:501,4
DA:502,2
DA:503,1
DA:504,2
DA:506,1
DA:508,0
DA:509,1
DA:511,1
DA:512,1
DA:518,1
DA:520,1
DA:521,1
DA:522,1
DA:523,1
DA:524,0
DA:529,1
DA:530,0
DA:531,1
DA:534,1
DA:551,1
DA:570,1
DA:572,1
DA:594,1
DA:597,1
DA:599,1
DA:601,3
DA:602,4
DA:603,2
DA:604,1
DA:605,3
DA:606,1
DA:607,3
DA:608,4
DA:609,3
DA:610,1
DA:611,1
DA:612,6
DA:613,1
DA:614,1
DA:615,6
DA:616,1
DA:620,1
DA:622,2
DA:623,4
DA:624,3
DA:625,0
DA:627,0
DA:628,0
DA:635,0
DA:637,0
DA:638,0
DA:640,0
DA:641,0
DA:642,0
DA:643,0
DA:645,0
DA:646,0
DA:647,0
DA:648,0
DA:652,0
DA:655,0
DA:659,1
DA:661,2
DA:662,3
DA:663,4
DA:664,2
DA:665,1
DA:666,1
DA:667,2
DA:668,2
DA:669,2
DA:670,2
DA:671,1
DA:676,0
DA:678,0
DA:679,0
DA:680,0
DA:681,0
DA:682,0
DA:686,0
DA:689,0
DA:690,0
DA:691,0
DA:692,0
DA:697,0
DA:698,0
DA:699,0
DA:701,0
DA:703,0
DA:708,0
DA:714,0
DA:715,0
DA:718,0
DA:719,0
DA:722,0
DA:726,0
DA:727,0
DA:728,0
DA:729,0
DA:734,0
DA:736,0
DA:743,0
DA:744,0
DA:745,0
DA:746,0
DA:750,0
DA:752,0
DA:753,0
DA:758,0
DA:759,0
DA:760,0
DA:761,0
DA:762,0
DA:764,0
DA:765,0
DA:768,0
DA:770,0
DA:771,0
DA:772,0
DA:775,0
DA:776,0
DA:778,0
DA:780,0
DA:781,0
DA:782,0
DA:783,0
DA:784,0
DA:786,0
DA:791,0
DA:794,1
DA:795,1
DA:796,1
DA:797,1
DA:798,1
DA:801,0
DA:802,0
DA:803,0
DA:804,0
DA:807,0
DA:810,0
DA:811,0
DA:812,0
DA:813,0
DA:818,0
DA:819,0
DA:820,0
DA:821,0
DA:822,0
DA:823,0
DA:827,1
DA:828,2
DA:829,0
DA:830,0
DA:831,0
DA:834,0
DA:835,0
DA:836,0
DA:837,0
DA:844,0
DA:845,0
DA:846,0
DA:847,0
DA:851,0
DA:852,0
DA:858,0
DA:859,0
DA:860,0
DA:861,0
DA:863,0
DA:864,0
DA:867,0
DA:874,1
DA:877,6
DA:878,2
DA:879,2
DA:883,3
DA:884,3
DA:885,0
DA:887,0
DA:893,0
DA:894,0
DA:895,0
DA:896,0
DA:897,0
DA:899,0
DA:903,0
DA:904,0
DA:905,0
DA:906,0
DA:907,0
DA:909,0
DA:910,0
DA:911,0
DA:913,0
DA:921,0
DA:923,0
DA:924,0
DA:925,0
DA:926,0
DA:927,0
DA:928,0
DA:930,0
DA:934,0
DA:935,0
DA:936,0
DA:937,0
DA:938,0
DA:939,0
DA:945,0
DA:946,0
DA:947,0
DA:952,0
DA:956,0
DA:958,0
DA:960,0
DA:961,0
DA:963,0
DA:965,0
DA:972,0
DA:973,0
DA:974,0
DA:975,0
DA:987,0
DA:988,0
DA:989,0
DA:992,0
DA:993,0
DA:994,0
DA:995,0
DA:996,0
DA:998,0
DA:999,0
DA:1000,0
DA:1003,0
DA:1004,0
DA:1006,0
DA:1011,0
DA:1012,0
DA:1013,0
DA:1015,0
DA:1016,0
DA:1019,0
DA:1020,0
DA:1021,0
DA:1022,0
DA:1023,0
DA:1024,0
DA:1025,0
DA:1026,0
DA:1034,0
DA:1035,0
DA:1037,0
DA:1038,0
DA:1045,0
DA:1046,0
DA:1048,0
DA:1049,0
DA:1050,0
DA:1051,0
DA:1053,0
DA:1061,0
DA:1065,0
DA:1067,0
DA:1070,0
DA:1073,0
DA:1075,0
DA:1076,0
DA:1081,0
DA:1082,0
DA:1084,0
DA:1091,0
DA:1092,0
DA:1093,0
DA:1096,0
DA:1098,0
DA:1099,0
DA:1100,0
DA:1101,0
DA:1110,0
DA:1114,0
DA:1118,0
DA:1119,0
DA:1120,0
DA:1121,0
DA:1122,0
DA:1123,0
DA:1133,0
DA:1134,0
DA:1135,0
DA:1136,0
DA:1137,0
DA:1141,0
DA:1144,0
DA:1145,0
DA:1146,0
DA:1147,0
DA:1148,0
DA:1152,0
DA:1156,1
DA:1158,1
DA:1160,6
DA:1161,3
DA:1163,1
DA:1164,1
DA:1165,2
DA:1166,1
DA:1167,1
DA:1168,1
DA:1178,1
DA:1179,1
DA:1180,1
DA:1185,1
DA:1186,1
DA:1187,1
DA:1188,0
DA:1189,0
DA:1190,0
DA:1195,1
DA:1196,1
DA:1197,1
DA:1198,1
DA:1199,1
DA:1200,1
DA:1201,1
DA:1202,1
DA:1203,1
DA:1204,1
DA:1210,2
DA:1211,1
DA:1212,0
DA:1213,0
DA:1214,0
DA:1249,1
DA:1250,0
DA:1251,0
DA:1253,0
DA:1254,0
DA:1256,1
DA:1257,1
DA:1258,1
DA:1259,0
DA:1261,2
DA:1262,1
DA:1263,2
DA:1264,1
DA:1265,0
DA:1267,0
DA:1268,0
DA:1269,0
DA:1270,0
DA:1274,0
DA:1275,0
DA:1276,0
DA:1277,0
DA:1278,0
DA:1279,0
DA:1280,0
DA:1287,0
DA:1288,0
DA:1289,0
DA:1290,0
DA:1291,0
DA:1292,0
DA:1293,0
DA:1299,0
DA:1300,0
DA:1302,0
DA:1303,0
LF:572
LH:180
end_of_record
SF:lib/core/platform/download_helper.dart
DA:14,0
DA:19,0
DA:20,0
DA:28,0
LF:4
LH:0
end_of_record
SF:lib/core/platform/download_isolate.dart
DA:15,0
DA:22,0
DA:23,0
DA:27,0
DA:28,0
DA:29,0
DA:30,0
DA:31,0
DA:36,0
DA:37,0
DA:38,0
DA:39,0
DA:43,0
DA:54,0
DA:55,0
DA:57,0
DA:59,0
DA:69,0
DA:70,0
DA:74,0
DA:78,0
DA:82,0
DA:84,0
DA:86,0
DA:88,0
DA:90,0
DA:92,0
DA:94,0
DA:95,0
DA:97,0
DA:100,0
DA:107,0
DA:109,0
DA:111,0
DA:116,0
DA:117,0
DA:120,0
DA:124,0
DA:125,0
DA:126,0
DA:127,0
DA:128,0
DA:129,0
DA:130,0
DA:132,0
DA:133,0
DA:137,0
DA:141,0
DA:143,0
DA:148,0
DA:151,0
DA:153,0
DA:154,0
DA:159,0
DA:160,0
DA:161,0
DA:164,0
DA:165,0
DA:166,0
DA:167,0
DA:171,0
DA:172,0
DA:175,0
DA:176,0
DA:177,0
DA:178,0
DA:180,0
DA:181,0
DA:182,0
DA:184,0
DA:188,0
DA:194,0
DA:195,0
DA:200,0
DA:203,0
DA:204,0
DA:205,0
DA:210,0
DA:211,0
DA:212,0
DA:217,0
DA:218,0
DA:220,0
DA:222,0
DA:228,0
DA:229,0
DA:236,0
DA:240,0
DA:241,0
DA:243,0
DA:244,0
DA:246,0
DA:247,0
DA:249,0
DA:250,0
DA:252,0
DA:253,0
DA:257,0
LF:98
LH:0
end_of_record
SF:lib/features/file_browser/file_browser_provider.dart
DA:20,11
DA:46,1
DA:55,1
DA:56,1
DA:57,1
DA:58,1
DA:60,1
DA:63,1
DA:66,1
DA:69,1
DA:75,2
DA:76,4
DA:77,12
DA:81,2
DA:82,4
DA:83,4
DA:84,2
DA:109,1
DA:117,1
DA:118,1
DA:119,1
DA:120,1
DA:121,1
DA:122,1
DA:126,1
DA:127,2
DA:131,1
DA:132,3
DA:133,2
DA:135,1
DA:141,1
DA:147,1
DA:148,1
DA:149,2
DA:153,2
DA:154,4
DA:155,1
DA:156,2
DA:157,1
DA:158,2
DA:159,1
DA:160,1
DA:162,1
DA:166,1
DA:167,4
DA:174,1
DA:175,2
DA:178,2
DA:182,1
DA:183,1
DA:186,1
DA:187,1
DA:189,3
DA:191,2
DA:195,2
DA:197,6
DA:198,2
DA:199,2
DA:200,3
DA:201,2
DA:203,2
DA:205,2
DA:207,0
DA:211,1
DA:212,1
DA:213,0
DA:214,2
DA:216,1
DA:217,2
DA:219,6
DA:220,1
DA:221,2
DA:222,2
DA:223,2
DA:224,2
DA:225,0
DA:228,2
DA:229,1
DA:239,1
DA:240,1
DA:243,1
DA:249,1
DA:250,1
DA:254,1
DA:258,3
DA:259,1
DA:269,1
DA:270,1
DA:271,1
DA:278,1
DA:279,2
DA:280,1
DA:282,1
DA:284,2
DA:285,1
DA:288,2
DA:292,1
DA:293,2
DA:295,2
DA:298,1
DA:299,2
DA:301,4
DA:305,1
DA:309,1
DA:310,1
DA:315,1
DA:316,1
DA:317,2
DA:323,1
DA:325,1
DA:331,1
DA:332,1
DA:333,1
DA:334,2
DA:336,1
DA:338,3
DA:340,1
DA:341,2
DA:342,1
DA:343,0
DA:346,1
DA:347,4
DA:352,1
DA:356,1
DA:357,1
DA:359,1
DA:362,0
DA:363,0
DA:364,0
DA:367,0
DA:368,0
DA:369,0
DA:370,0
DA:375,0
DA:376,0
DA:383,0
DA:385,0
DA:387,0
DA:388,0
DA:389,0
DA:394,0
DA:398,0
DA:399,0
DA:400,0
DA:403,0
DA:405,0
DA:410,0
DA:411,0
DA:412,0
DA:414,0
DA:415,0
DA:419,0
DA:422,0
DA:423,0
DA:430,0
DA:435,0
DA:439,0
DA:440,0
DA:443,0
DA:444,0
DA:445,0
DA:453,1
DA:454,2
DA:456,3
DA:461,1
DA:462,1
DA:463,1
DA:465,1
DA:466,2
DA:467,1
DA:468,2
DA:470,3
DA:475,1
DA:476,1
DA:479,1
DA:481,1
DA:482,1
DA:487,0
DA:489,0
DA:491,0
DA:492,0
DA:493,0
DA:494,0
DA:495,0
DA:500,0
DA:502,0
DA:505,0
DA:506,0
DA:511,2
DA:512,3
DA:513,1
DA:516,0
DA:518,1
DA:523,1
DA:524,2
DA:526,3
DA:530,1
DA:531,1
DA:534,1
DA:536,1
DA:539,1
DA:541,1
DA:545,1
DA:546,1
DA:548,1
DA:550,1
DA:552,1
DA:556,9
DA:567,4
DA:570,2
DA:572,2
DA:573,4
DA:574,10
DA:575,10
DA:576,8
LF:215
LH:164
end_of_record
SF:lib/features/file_browser/file_browser_screen.dart
DA:14,2
DA:18,1
DA:20,4
DA:22,1
DA:23,1
DA:24,1
DA:25,1
DA:26,2
DA:27,1
DA:28,1
DA:29,1
DA:30,0
DA:32,0
DA:33,0
DA:35,2
DA:36,1
DA:48,1
DA:52,1
DA:54,4
DA:55,1
DA:57,1
DA:59,1
DA:60,1
DA:61,1
DA:63,1
DA:64,1
DA:76,1
DA:77,1
DA:78,1
DA:79,1
DA:82,1
DA:85,1
DA:86,0
DA:87,0
DA:88,0
DA:90,1
DA:91,1
DA:92,1
DA:94,0
DA:96,1
DA:97,2
DA:99,0
DA:100,0
DA:101,0
DA:108,1
DA:109,1
DA:110,0
DA:111,0
DA:112,0
DA:118,0
DA:119,0
DA:120,0
DA:121,0
DA:122,0
DA:126,0
DA:127,0
DA:129,0
DA:130,0
DA:131,0
DA:139,1
DA:147,1
DA:149,5
DA:151,4
DA:152,1
DA:154,2
DA:155,2
DA:156,2
DA:157,2
DA:159,2
DA:161,1
DA:162,1
DA:164,1
DA:165,2
DA:166,1
DA:169,0
DA:170,0
DA:171,0
DA:172,0
DA:176,0
DA:177,0
DA:178,0
DA:184,1
DA:186,1
DA:188,1
DA:189,1
DA:190,5
DA:191,2
DA:194,1
DA:195,2
DA:196,1
DA:203,1
DA:204,1
DA:205,1
DA:206,3
DA:210,1
DA:211,1
DA:212,1
DA:218,2
DA:219,1
DA:222,0
DA:224,1
DA:225,1
DA:232,1
DA:233,1
DA:234,1
DA:235,1
DA:236,1
DA:238,2
DA:239,0
DA:240,0
DA:241,0
DA:242,0
DA:243,0
DA:244,0
DA:247,0
DA:248,0
DA:249,0
DA:251,0
DA:252,0
DA:253,0
DA:254,0
DA:255,0
DA:257,0
DA:262,0
DA:263,0
DA:264,0
DA:265,0
DA:266,0
DA:275,0
DA:281,0
DA:283,0
DA:284,0
DA:285,0
DA:286,0
DA:289,0
DA:290,0
DA:291,0
DA:293,0
DA:294,0
DA:295,0
DA:298,0
DA:299,0
DA:305,0
DA:308,0
DA:309,0
DA:311,0
DA:312,0
DA:313,0
DA:319,0
DA:325,0
DA:326,0
DA:328,0
DA:329,0
DA:334,0
DA:338,0
DA:340,0
DA:343,0
DA:344,0
DA:345,0
DA:348,0
DA:349,0
DA:355,0
DA:356,0
DA:358,0
DA:359,0
DA:362,0
DA:363,0
DA:365,0
DA:366,0
DA:367,0
DA:375,0
DA:380,0
DA:382,0
DA:384,0
DA:386,0
DA:387,0
DA:388,0
DA:390,0
DA:392,0
DA:395,0
DA:401,0
DA:402,0
LF:182
LH:77
end_of_record
SF:lib/features/file_browser/file_item_widget.dart
DA:9,1
DA:30,1
DA:31,2
DA:32,4
DA:35,1
DA:37,1
DA:38,2
DA:39,1
DA:40,2
DA:44,2
DA:45,1
DA:46,2
DA:50,1
DA:51,3
DA:52,1
DA:53,1
DA:56,1
DA:57,2
DA:58,2
DA:59,2
DA:60,1
DA:61,1
DA:62,0
DA:63,0
DA:67,1
DA:68,1
DA:69,1
DA:70,1
DA:71,1
DA:72,1
DA:73,1
DA:75,1
DA:76,1
DA:77,1
DA:78,0
DA:79,0
DA:80,0
DA:81,0
DA:82,0
DA:83,0
DA:84,0
DA:85,0
DA:86,0
DA:88,0
DA:89,0
DA:90,0
DA:91,0
DA:92,0
DA:93,0
DA:94,0
DA:95,0
DA:97,0
DA:98,0
DA:99,0
DA:100,0
DA:101,0
DA:102,0
DA:103,0
DA:104,0
DA:105,0
DA:106,0
DA:107,0
DA:108,0
DA:109,0
DA:110,0
DA:112,1
DA:113,4
DA:115,1
DA:116,1
DA:117,2
DA:118,4
DA:120,4
DA:121,2
DA:122,0
DA:123,0
DA:125,0
DA:126,0
DA:128,1
DA:129,1
DA:130,1
DA:131,2
DA:135,1
DA:136,1
DA:137,1
DA:139,1
DA:140,2
DA:141,1
DA:143,1
DA:144,1
DA:146,1
DA:150,0
DA:151,0
DA:152,0
DA:153,0
DA:154,0
DA:155,0
DA:161,1
DA:167,0
DA:168,0
DA:169,0
DA:172,2
DA:173,1
DA:179,0
DA:180,0
DA:181,0
DA:184,3
DA:185,1
DA:191,0
DA:192,0
DA:193,0
DA:196,1
DA:203,0
DA:204,0
DA:205,0
DA:208,1
DA:214,0
DA:215,0
DA:216,0
LF:118
LH:60
end_of_record
SF:lib/features/file_browser/file_preview_screen.dart
DA:11,0
DA:22,0
DA:23,0
DA:34,0
DA:36,0
DA:37,0
DA:40,0
DA:42,0
DA:43,0
DA:44,0
DA:49,0
DA:51,0
DA:52,0
DA:53,0
DA:54,0
DA:55,0
DA:56,0
DA:60,0
DA:61,0
DA:62,0
DA:63,0
DA:69,0
DA:70,0
DA:71,0
DA:72,0
DA:73,0
DA:81,0
DA:83,0
DA:85,0
DA:86,0
DA:87,0
DA:90,0
DA:91,0
DA:92,0
DA:93,0
DA:96,0
DA:98,0
DA:99,0
DA:102,0
DA:103,0
DA:104,0
DA:105,0
DA:106,0
DA:108,0
DA:113,0
DA:117,0
DA:118,0
DA:121,0
DA:122,0
DA:123,0
DA:125,0
DA:127,0
DA:130,0
DA:131,0
DA:140,0
DA:141,0
DA:142,0
DA:143,0
DA:145,0
DA:152,0
DA:153,0
DA:162,0
DA:166,0
DA:168,0
DA:169,0
DA:171,0
DA:172,0
DA:174,0
DA:175,0
DA:177,0
DA:178,0
DA:180,0
DA:181,0
DA:182,0
DA:185,0
DA:186,0
DA:187,0
DA:188,0
DA:195,0
DA:198,0
DA:201,0
DA:202,0
LF:82
LH:0
end_of_record
SF:lib/features/file_browser/path_bar_widget.dart
DA:14,2
DA:25,2
DA:26,2
DA:32,2
DA:34,2
DA:35,2
DA:38,2
DA:39,8
DA:40,14
DA:41,4
DA:44,1
DA:45,1
DA:46,3
DA:47,2
DA:50,0
DA:51,0
DA:52,0
DA:53,0
DA:54,0
DA:55,0
DA:59,0
DA:62,0
DA:63,0
DA:64,0
DA:65,0
DA:69,2
DA:71,2
DA:72,2
DA:73,2
DA:75,2
DA:76,2
DA:77,2
DA:78,2
DA:81,2
DA:82,2
DA:90,2
DA:91,2
DA:92,6
DA:93,2
DA:96,5
DA:97,2
DA:98,2
DA:100,2
DA:101,2
DA:113,2
DA:118,2
DA:127,2
LF:47
LH:36
end_of_record
SF:lib/features/tmux/tmux_manager_screen.dart
DA:9,2
DA:23,1
DA:24,1
DA:31,1
DA:33,1
DA:34,3
DA:35,1
DA:36,3
DA:37,4
DA:38,1
DA:39,4
DA:46,1
DA:48,2
DA:49,1
DA:52,0
DA:53,0
DA:55,0
DA:56,0
DA:57,0
DA:59,0
DA:60,0
DA:61,0
DA:67,1
DA:69,1
DA:70,1
DA:71,1
DA:72,1
DA:73,1
DA:74,1
DA:75,2
DA:76,1
DA:78,0
DA:80,0
DA:81,0
DA:83,2
DA:84,1
DA:85,0
DA:86,0
DA:88,1
DA:90,0
DA:91,0
DA:92,0
DA:93,0
DA:94,0
DA:95,0
DA:97,0
DA:98,0
DA:99,0
DA:102,0
DA:103,0
DA:104,0
DA:105,0
DA:106,0
DA:107,0
DA:116,1
DA:117,1
DA:118,1
DA:120,1
DA:121,1
DA:133,1
DA:134,2
DA:136,0
DA:137,0
DA:139,1
DA:142,3
DA:149,1
DA:150,6
DA:151,2
DA:152,1
DA:153,1
DA:154,0
DA:156,1
DA:160,1
DA:162,2
DA:163,2
DA:164,1
DA:169,1
DA:173,1
DA:175,2
DA:184,0
DA:186,0
DA:187,0
DA:191,1
DA:192,1
DA:193,0
DA:196,1
DA:199,0
DA:202,0
DA:204,0
DA:206,0
DA:209,0
DA:210,0
DA:221,0
DA:228,1
DA:242,1
DA:243,1
DA:247,1
DA:249,4
DA:259,1
DA:260,2
DA:261,1
DA:262,4
DA:263,1
DA:264,4
DA:265,1
DA:267,0
DA:268,0
DA:269,0
DA:271,0
DA:272,0
DA:279,0
DA:280,0
DA:281,0
DA:282,0
DA:283,0
DA:288,0
DA:289,0
DA:292,0
DA:293,0
DA:294,0
DA:297,0
DA:298,0
DA:307,0
DA:309,0
DA:311,0
DA:312,0
DA:313,0
DA:320,0
DA:321,0
DA:322,0
DA:323,0
DA:324,0
DA:326,0
DA:330,0
DA:331,0
DA:332,0
DA:333,0
DA:334,0
DA:339,0
DA:343,0
DA:345,0
DA:354,0
DA:356,0
DA:357,0
DA:361,0
DA:362,0
DA:363,0
DA:366,0
DA:369,0
DA:372,0
DA:374,0
DA:376,0
DA:379,0
DA:380,0
DA:391,0
DA:394,0
DA:395,0
DA:397,0
DA:399,0
DA:400,0
DA:401,0
DA:411,1
DA:423,1
DA:425,1
DA:426,4
DA:428,1
DA:431,1
DA:434,0
DA:435,0
DA:438,1
DA:439,1
DA:441,1
DA:442,3
DA:443,1
DA:444,2
DA:450,2
DA:451,5
DA:452,3
DA:453,2
DA:455,1
DA:456,2
DA:458,1
DA:460,1
DA:466,1
DA:467,1
DA:470,1
DA:477,1
DA:478,2
DA:479,3
DA:480,3
DA:487,1
DA:491,1
DA:493,1
DA:495,1
DA:497,1
DA:514,1
DA:515,1
DA:516,1
DA:518,1
DA:519,1
DA:530,1
DA:535,1
DA:537,1
DA:539,1
DA:540,1
DA:541,1
DA:543,1
DA:544,1
DA:545,2
DA:548,1
DA:549,1
DA:552,1
DA:554,1
DA:556,1
DA:557,1
DA:575,0
DA:580,0
DA:582,0
DA:584,0
DA:585,0
DA:586,0
DA:588,0
DA:590,0
DA:593,0
DA:599,0
DA:600,0
LF:226
LH:115
end_of_record
SF:lib/features/tmux/tmux_provider.dart
DA:23,2
DA:24,4
DA:25,1
DA:26,1
DA:27,1
DA:29,1
DA:33,1
DA:34,2
DA:36,0
DA:39,1
DA:42,2
DA:43,1
DA:44,3
DA:47,1
DA:48,2
DA:49,3
DA:52,3
DA:53,2
DA:55,2
DA:57,0
DA:62,2
DA:65,4
DA:66,6
DA:67,3
DA:68,2
DA:70,2
DA:75,0
DA:76,0
DA:77,0
DA:80,0
DA:81,0
DA:84,1
DA:85,1
DA:88,2
DA:91,0
DA:96,1
DA:97,3
DA:100,2
DA:105,1
DA:107,1
DA:109,2
DA:111,1
DA:114,2
DA:115,3
DA:122,3
DA:123,1
DA:125,1
DA:126,2
DA:128,1
DA:130,1
DA:131,1
DA:134,2
DA:135,1
DA:136,1
DA:138,1
DA:139,2
DA:144,2
DA:145,1
DA:146,1
DA:148,1
DA:149,1
DA:150,1
DA:152,1
DA:162,1
DA:166,1
DA:167,1
DA:169,1
DA:173,1
DA:174,1
DA:180,1
DA:181,5
DA:182,1
DA:184,1
DA:186,1
DA:187,2
DA:192,1
DA:193,1
DA:195,1
DA:197,2
DA:198,1
DA:202,1
DA:203,2
DA:204,2
DA:205,0
DA:210,1
DA:211,2
DA:212,1
DA:218,1
DA:220,2
DA:227,1
DA:233,1
DA:234,1
DA:235,1
DA:238,3
DA:241,1
DA:247,1
DA:255,1
DA:259,1
DA:260,2
DA:261,2
DA:262,1
DA:264,3
DA:265,1
DA:268,1
DA:269,3
DA:270,1
DA:271,1
DA:272,2
DA:273,0
DA:276,2
DA:277,1
DA:278,2
DA:279,2
DA:280,1
DA:281,3
DA:290,1
DA:295,1
DA:297,2
DA:298,2
DA:299,2
DA:300,1
DA:301,2
DA:302,1
DA:303,4
DA:306,1
DA:307,4
DA:310,1
DA:313,1
DA:317,1
DA:319,1
DA:320,1
DA:321,1
DA:328,6
DA:329,3
DA:338,2
DA:341,1
DA:342,1
DA:343,1
DA:344,1
DA:345,1
DA:346,1
DA:349,2
LF:142
LH:132
end_of_record
SF:lib/features/tmux/tmux_session_model.dart
DA:3,3
DA:15,2
DA:16,2
DA:17,4
DA:18,4
DA:20,2
DA:23,2
DA:24,6
DA:25,6
DA:26,6
DA:27,6
DA:29,2
DA:30,10
DA:35,11
DA:39,4
DA:44,10
DA:49,11
DA:57,9
DA:59,2
DA:63,2
DA:64,2
DA:65,2
LF:22
LH:22
end_of_record
