SF:lib/core/theme/theme_provider.dart
DA:9,6
DA:10,1
DA:23,1
DA:25,4
DA:26,1
DA:30,1
DA:32,2
DA:35,5
DA:36,2
DA:37,1
DA:45,1
DA:46,1
DA:47,1
DA:50,1
DA:52,3
DA:57,3
DA:70,2
DA:72,8
DA:73,2
DA:77,2
DA:79,4
DA:81,1
DA:83,2
DA:91,1
DA:92,2
DA:93,2
DA:96,1
DA:98,3
DA:103,1
DA:104,3
DA:108,1
DA:109,3
DA:113,6
LF:33
LH:33
end_of_record
SF:lib/core/error/app_error.dart
DA:2,24
DA:5,3
DA:6,9
DA:10,17
DA:14,2
DA:19,23
DA:23,3
DA:27,2
LF:8
LH:8
end_of_record
SF:lib/core/platform/macos_kv_store.dart
DA:16,0
DA:20,1
DA:22,0
DA:23,0
DA:25,1
DA:29,1
DA:30,1
DA:31,1
DA:32,3
DA:39,1
DA:42,1
DA:43,1
DA:44,3
DA:47,1
DA:48,1
DA:49,1
DA:51,3
DA:53,3
DA:58,1
DA:59,1
DA:60,2
DA:67,1
DA:68,1
DA:69,2
DA:70,1
DA:71,3
DA:72,1
DA:73,3
DA:75,1
DA:76,3
LF:30
LH:27
end_of_record
SF:lib/core/ssh/connection_config.dart
DA:23,1
DA:24,1
LF:2
LH:2
end_of_record
SF:lib/core/ssh/connection_config.g.dart
DA:9,1
DA:10,1
DA:11,1
DA:12,1
DA:13,1
DA:14,2
DA:15,1
DA:17,2
DA:19,1
DA:21,0
DA:24,1
DA:25,1
DA:26,1
DA:27,1
DA:28,1
DA:29,1
DA:30,1
DA:31,2
DA:32,1
LF:19
LH:18
end_of_record
SF:lib/core/ssh/known_hosts_store.dart
DA:10,2
DA:11,2
DA:18,1
DA:19,1
DA:20,2
DA:23,2
DA:25,1
DA:26,3
DA:28,1
DA:29,3
DA:31,1
DA:32,3
DA:39,1
DA:41,1
DA:42,1
DA:44,1
LF:16
LH:16
end_of_record
SF:lib/core/ssh/ssh_client_service.dart
DA:13,2
DA:21,0
DA:26,0
DA:34,2
DA:35,4
DA:37,2
DA:50,4
DA:51,2
DA:52,2
DA:56,0
DA:58,0
DA:59,0
DA:60,0
DA:62,0
DA:63,0
DA:65,0
DA:66,0
DA:67,0
DA:68,0
DA:77,0
DA:78,0
DA:79,2
DA:80,2
DA:81,2
DA:83,2
DA:85,2
DA:88,4
DA:92,1
DA:101,2
DA:103,2
DA:107,1
DA:109,2
DA:114,1
DA:116,1
DA:122,2
DA:134,1
DA:138,1
DA:140,3
DA:143,0
DA:144,2
DA:145,2
DA:147,1
DA:152,1
DA:156,1
DA:158,2
DA:162,1
DA:169,1
DA:170,1
LF:48
LH:33
end_of_record
SF:lib/core/platform/platform_storage.dart
DA:13,3
DA:18,2
DA:19,2
DA:20,0
DA:22,4
DA:26,2
DA:27,2
DA:28,0
DA:30,4
DA:34,2
DA:35,2
DA:36,0
DA:38,4
DA:42,1
DA:43,1
DA:44,0
DA:46,2
LF:17
LH:13
end_of_record
SF:lib/core/ssh/keepalive_ssh_socket.dart
DA:25,0
DA:30,0
DA:35,0
DA:39,0
DA:41,0
DA:44,0
DA:46,0
DA:54,1
DA:57,2
DA:60,1
DA:61,1
DA:62,1
DA:70,0
DA:71,0
DA:73,0
DA:74,0
DA:76,0
DA:77,0
DA:82,1
DA:83,2
DA:85,1
DA:86,2
DA:88,1
DA:89,2
DA:93,2
DA:95,3
DA:99,0
DA:100,0
DA:102,0
DA:103,0
DA:105,0
DA:106,0
DA:108,0
DA:109,0
DA:111,0
DA:112,0
LF:36
LH:13
end_of_record
SF:lib/core/ssh/ssh_channel_manager.dart
DA:10,1
DA:16,2
DA:18,1
DA:23,3
DA:24,1
DA:29,1
DA:31,1
DA:33,2
DA:37,1
DA:39,2
DA:41,2
DA:45,1
DA:47,2
DA:49,2
DA:53,1
DA:54,1
DA:56,2
DA:60,1
DA:62,1
DA:67,1
DA:69,1
DA:75,2
DA:77,1
DA:79,2
DA:81,2
DA:88,2
DA:106,3
DA:107,1
DA:114,1
DA:117,2
DA:118,1
DA:119,1
DA:120,2
DA:121,1
DA:122,2
DA:123,1
DA:124,2
DA:130,1
DA:138,1
DA:140,4
DA:142,2
DA:146,1
DA:147,2
DA:148,2
DA:151,1
DA:152,2
DA:153,2
DA:154,1
DA:155,1
LF:49
LH:49
end_of_record
SF:lib/core/utils/shell_utils.dart
DA:6,5
DA:7,5
DA:8,5
DA:17,3
DA:18,6
LF:5
LH:5
end_of_record
SF:lib/core/network/connectivity_monitor.dart
DA:14,1
DA:16,1
DA:17,2
DA:18,1
DA:19,2
DA:20,5
DA:27,0
DA:28,0
DA:29,0
DA:31,0
DA:36,6
DA:37,3
LF:12
LH:8
end_of_record
SF:lib/core/ssh/ssh_key_manager.dart
DA:7,1
DA:8,1
DA:15,1
DA:16,3
DA:18,1
DA:19,3
DA:21,1
DA:22,3
DA:24,1
DA:25,2
DA:26,1
DA:27,3
DA:28,4
DA:29,1
DA:32,1
DA:33,1
DA:36,1
DA:37,1
LF:18
LH:18
end_of_record
SF:lib/core/utils/format_utils.dart
DA:3,3
DA:5,2
DA:10,3
DA:11,5
DA:12,5
DA:13,8
DA:14,3
LF:7
LH:7
end_of_record
SF:lib/core/utils/url_utils.dart
DA:5,3
DA:10,3
DA:14,3
DA:22,1
DA:24,2
DA:25,2
DA:31,3
DA:33,4
DA:34,2
DA:39,2
LF:10
LH:10
end_of_record
SF:lib/core/utils/app_logger.dart
DA:8,5
DA:9,15
DA:14,3
DA:17,5
DA:18,5
DA:19,5
DA:22,10
DA:23,15
DA:24,2
DA:26,10
DA:30,1
DA:31,1
DA:32,2
DA:33,1
DA:34,4
DA:37,1
DA:40,3
DA:44,5
LF:18
LH:18
end_of_record
SF:lib/core/storage/connection_repository.dart
DA:7,1
DA:15,1
DA:16,4
DA:17,2
DA:18,3
DA:20,1
DA:23,1
DA:24,8
DA:25,1
DA:28,1
DA:29,5
DA:32,1
DA:33,8
DA:34,1
DA:35,3
DA:38,1
DA:39,2
DA:40,9
DA:43,1
DA:44,4
DA:45,2
DA:46,3
DA:48,1
LF:23
LH:23
end_of_record
SF:lib/core/storage/database.dart
DA:6,0
DA:7,0
DA:8,0
DA:9,0
DA:10,0
DA:11,0
DA:12,0
DA:13,0
DA:18,1
DA:20,1
DA:23,1
DA:25,1
DA:26,1
DA:27,1
DA:29,0
LF:15
LH:6
end_of_record
SF:lib/core/storage/database.g.dart
DA:11,1
DA:14,2
DA:15,1
DA:20,1
DA:23,2
DA:24,1
DA:28,2
DA:29,1
DA:33,2
DA:34,1
DA:41,2
DA:42,1
DA:47,2
DA:48,1
DA:55,2
DA:56,1
DA:60,1
DA:62,8
DA:63,1
DA:64,2
DA:65,1
DA:68,1
DA:71,1
DA:72,1
DA:73,1
DA:74,0
DA:76,1
DA:77,1
DA:78,3
DA:80,0
DA:82,1
DA:83,1
DA:84,3
DA:86,0
DA:88,1
DA:89,1
DA:90,3
DA:92,1
DA:93,1
DA:94,3
DA:96,0
DA:98,1
DA:99,1
DA:101,2
DA:102,1
DA:104,1
DA:105,1
DA:106,3
DA:111,1
DA:112,1
DA:113,1
DA:115,0
DA:116,1
DA:117,2
DA:118,3
DA:119,2
DA:120,3
DA:121,2
DA:122,3
DA:123,2
DA:124,3
DA:125,2
DA:126,3
DA:127,2
DA:128,3
DA:129,2
DA:130,3
DA:134,0
DA:136,0
DA:148,3
DA:156,0
DA:158,0
DA:159,0
DA:160,0
DA:161,0
DA:162,0
DA:163,0
DA:164,0
DA:165,0
DA:169,0
DA:170,0
DA:171,0
DA:172,0
DA:173,0
DA:174,0
DA:175,0
DA:176,0
DA:177,0
DA:181,0
DA:183,0
DA:184,0
DA:185,0
DA:186,0
DA:187,0
DA:188,0
DA:189,0
DA:190,0
DA:191,0
DA:194,0
DA:196,0
DA:197,0
DA:198,0
DA:199,0
DA:200,0
DA:201,0
DA:202,0
DA:203,0
DA:204,0
DA:208,0
DA:216,0
DA:217,0
DA:218,0
DA:219,0
DA:220,0
DA:221,0
DA:222,0
DA:223,0
DA:225,0
DA:226,0
DA:227,0
DA:228,0
DA:229,0
DA:230,0
DA:231,0
DA:233,0
DA:234,0
DA:238,0
DA:240,0
DA:241,0
DA:242,0
DA:243,0
DA:244,0
DA:245,0
DA:246,0
DA:247,0
DA:248,0
DA:249,0
DA:252,0
DA:254,0
DA:255,0
DA:258,0
DA:259,0
DA:260,0
DA:261,0
DA:262,0
DA:263,0
DA:264,0
DA:265,0
DA:276,3
DA:285,1
DA:293,1
DA:294,1
DA:295,1
DA:296,0
DA:305,0
DA:306,0
DA:307,0
DA:308,0
DA:309,0
DA:310,0
DA:311,0
DA:312,0
DA:316,0
DA:324,0
DA:325,0
DA:326,0
DA:327,0
DA:328,0
DA:329,0
DA:330,0
DA:331,0
DA:335,1
DA:337,1
DA:338,2
DA:339,0
DA:341,2
DA:342,4
DA:344,2
DA:345,4
DA:347,2
DA:348,4
DA:350,2
DA:351,4
DA:353,2
DA:354,4
DA:356,2
DA:357,4
DA:362,0
DA:364,0
DA:365,0
DA:366,0
DA:367,0
DA:368,0
DA:369,0
DA:370,0
DA:371,0
DA:372,0
DA:373,0
DA:378,2
DA:379,0
DA:380,2
DA:381,0
DA:383,0
DA:384,1
DA:385,2
DA:411,0
DA:418,0
DA:419,0
DA:421,0
DA:422,0
DA:424,0
DA:425,0
DA:427,0
DA:428,0
DA:430,0
DA:431,0
DA:433,0
DA:434,0
DA:436,0
DA:437,0
DA:442,0
DA:449,0
DA:450,0
DA:452,0
DA:453,0
DA:455,0
DA:456,0
DA:458,0
DA:459,0
DA:461,0
DA:462,0
DA:464,0
DA:465,0
DA:467,0
DA:468,0
DA:473,0
DA:480,0
DA:481,0
DA:483,0
DA:484,0
DA:486,0
DA:487,0
DA:489,0
DA:490,0
DA:492,0
DA:493,0
DA:495,0
DA:496,0
DA:498,0
DA:499,0
DA:514,0
DA:515,0
DA:518,0
DA:519,0
DA:520,0
DA:521,0
DA:522,0
DA:523,0
DA:524,0
DA:533,0
DA:542,0
DA:551,0
DA:560,0
DA:561,0
DA:562,0
DA:582,0
DA:583,0
DA:584,0
LF:268
LH:87
end_of_record
SF:lib/core/storage/secure_storage.dart
DA:11,1
DA:24,0
DA:26,0
DA:27,0
DA:28,0
DA:31,0
DA:32,0
DA:35,1
DA:36,1
DA:37,0
DA:38,0
DA:39,0
DA:41,2
DA:45,1
DA:46,1
DA:47,0
DA:48,0
DA:50,0
DA:51,0
DA:53,0
DA:57,2
DA:61,1
DA:62,1
DA:63,0
DA:64,0
DA:66,2
DA:72,1
DA:73,2
DA:75,1
DA:76,2
DA:78,1
DA:79,2
DA:81,1
DA:82,2
DA:84,1
DA:85,2
DA:87,1
DA:88,2
DA:90,1
DA:91,2
DA:93,1
DA:94,2
DA:96,1
DA:97,2
DA:99,1
DA:100,1
DA:101,1
DA:102,1
LF:48
LH:32
end_of_record
SF:lib/widgets/terminal_scroll_interceptor.dart
DA:21,2
DA:34,2
DA:36,2
DA:63,1
DA:64,3
DA:65,1
DA:66,2
DA:67,1
DA:68,3
DA:71,2
DA:73,2
DA:74,2
DA:77,2
DA:81,2
DA:82,2
DA:83,2
DA:84,2
DA:85,2
DA:86,2
DA:87,2
DA:88,2
DA:89,4
DA:96,1
DA:97,2
DA:98,3
DA:101,1
DA:105,1
DA:106,1
DA:107,1
DA:109,1
DA:110,2
DA:114,2
DA:115,2
DA:116,2
DA:117,6
DA:118,5
DA:120,3
DA:121,2
DA:122,3
DA:124,1
DA:126,0
DA:139,0
DA:140,0
DA:141,0
DA:147,0
DA:150,0
DA:152,0
DA:153,0
DA:158,0
DA:159,0
DA:160,0
DA:162,0
DA:163,0
DA:165,0
DA:166,0
DA:167,0
DA:170,0
DA:172,0
DA:174,0
DA:176,0
DA:183,1
DA:185,2
DA:186,2
DA:187,3
DA:189,2
DA:190,1
DA:191,2
DA:192,2
DA:193,1
DA:194,1
DA:195,1
DA:196,1
DA:197,3
DA:198,1
DA:202,1
DA:203,3
DA:204,3
DA:205,1
DA:210,1
DA:211,6
DA:212,6
DA:215,3
DA:216,1
DA:221,2
DA:222,1
DA:223,2
DA:224,1
DA:225,1
DA:230,1
DA:232,5
DA:233,2
DA:234,2
DA:236,1
DA:237,3
DA:238,2
DA:239,3
DA:242,7
DA:243,6
DA:245,1
DA:247,3
DA:254,1
DA:255,3
DA:256,1
DA:260,0
DA:261,0
DA:262,0
DA:267,1
DA:268,2
DA:270,1
DA:271,2
DA:276,1
DA:280,1
DA:281,1
DA:283,1
DA:284,1
DA:285,2
DA:286,2
DA:287,2
DA:288,1
DA:290,1
DA:291,2
DA:295,2
DA:299,1
DA:300,1
DA:301,1
DA:302,1
DA:303,1
DA:304,1
DA:305,2
DA:306,1
DA:307,1
LF:131
LH:108
end_of_record
SF:lib/features/server_monitor/server_info_parser.dart
DA:3,2
DA:30,2
DA:45,2
DA:65,0
DA:77,6
DA:80,2
DA:81,2
DA:83,4
DA:84,4
DA:85,6
DA:86,6
DA:88,4
DA:89,4
DA:90,4
DA:92,2
DA:93,2
DA:94,2
DA:95,2
DA:110,2
DA:113,4
DA:114,2
DA:115,4
DA:116,2
DA:117,2
DA:118,4
DA:119,4
DA:122,6
DA:124,2
DA:125,6
DA:126,2
DA:127,2
DA:128,2
DA:130,12
DA:131,6
DA:141,2
DA:142,4
DA:143,4
DA:147,2
DA:148,2
DA:149,4
DA:150,8
DA:152,8
DA:153,8
DA:167,2
DA:168,2
DA:169,2
DA:170,2
DA:173,8
DA:194,8
DA:196,4
DA:197,4
DA:198,2
DA:199,6
DA:200,2
DA:204,6
DA:205,4
DA:206,2
DA:207,4
DA:213,4
DA:214,4
DA:215,4
DA:216,4
DA:218,6
DA:219,2
DA:220,2
DA:221,2
DA:222,4
DA:237,4
DA:238,6
DA:239,8
DA:240,8
DA:241,8
DA:242,2
DA:243,4
DA:260,2
DA:261,2
DA:262,2
DA:263,6
DA:264,4
DA:265,2
DA:266,4
DA:267,4
DA:268,4
DA:269,4
DA:270,2
DA:271,2
LF:86
LH:85
end_of_record
SF:lib/features/claude_usage/claude_usage_dialog.dart
DA:13,1
DA:20,1
DA:21,1
DA:28,2
DA:32,1
DA:33,1
DA:41,1
DA:43,1
DA:44,1
DA:47,1
DA:48,2
DA:49,1
DA:50,1
DA:54,1
DA:55,5
DA:56,1
DA:58,2
DA:59,1
DA:60,1
DA:65,1
DA:66,1
DA:67,2
DA:68,1
DA:69,1
DA:72,1
DA:73,2
DA:74,1
DA:75,2
DA:80,1
DA:134,1
DA:135,2
DA:137,1
DA:138,1
DA:142,1
DA:143,2
DA:147,1
DA:149,2
DA:152,1
DA:153,2
DA:156,1
DA:159,1
DA:161,4
DA:162,1
DA:163,1
DA:164,1
DA:165,1
DA:167,1
DA:170,1
DA:171,1
DA:172,1
DA:186,1
DA:187,1
DA:189,1
DA:195,1
DA:196,1
DA:202,1
DA:203,1
DA:204,1
DA:205,1
DA:213,1
DA:214,1
DA:216,1
DA:217,2
DA:218,1
DA:220,1
DA:221,1
DA:224,1
DA:225,1
DA:226,1
DA:235,1
DA:236,1
DA:237,1
DA:239,1
DA:241,1
DA:243,1
DA:244,2
DA:245,1
DA:247,1
DA:248,3
DA:255,1
DA:256,1
DA:258,2
DA:259,2
DA:260,3
DA:262,1
DA:265,1
DA:266,1
DA:268,2
DA:269,2
DA:270,3
DA:272,1
DA:275,1
DA:276,4
DA:277,1
DA:279,2
DA:280,2
DA:281,3
DA:287,1
DA:288,3
DA:289,0
DA:291,0
DA:292,0
DA:293,0
DA:297,3
DA:299,1
DA:301,1
DA:304,1
DA:305,3
DA:306,1
DA:313,1
DA:320,2
DA:321,1
DA:323,1
DA:325,1
DA:326,1
DA:328,1
DA:329,1
DA:332,1
DA:333,2
DA:334,1
DA:335,1
DA:338,1
DA:344,1
DA:345,1
DA:346,1
DA:347,1
DA:354,1
DA:356,1
DA:357,1
DA:366,1
DA:367,1
DA:368,1
DA:369,1
DA:373,1
DA:375,1
DA:377,1
DA:379,1
DA:381,1
DA:388,1
DA:389,2
DA:390,1
DA:392,1
DA:393,2
DA:394,2
DA:395,0
DA:396,0
DA:397,0
DA:399,1
DA:400,2
DA:401,1
DA:406,1
DA:426,1
DA:427,1
DA:428,1
DA:429,1
DA:430,2
DA:431,2
DA:432,2
DA:433,2
DA:435,2
DA:438,2
DA:440,1
DA:442,2
DA:444,1
DA:450,1
DA:455,1
DA:456,1
DA:457,2
DA:459,1
DA:461,1
DA:463,1
LF:171
LH:164
end_of_record
SF:lib/features/terminal/terminal_connection_provider.dart
DA:30,21
DA:49,1
DA:59,1
DA:60,1
DA:61,1
DA:62,1
DA:64,1
DA:67,1
DA:68,1
DA:125,1
DA:130,1
DA:131,1
DA:132,1
DA:137,2
DA:138,2
DA:139,3
DA:140,2
DA:143,2
DA:145,6
DA:149,7
DA:154,1
DA:155,1
DA:156,1
DA:157,1
DA:158,3
DA:159,1
DA:160,2
DA:161,1
DA:162,2
DA:163,1
DA:164,1
DA:171,1
DA:178,3
DA:179,3
DA:183,1
DA:184,1
DA:185,1
DA:186,1
DA:187,1
DA:189,3
DA:191,4
DA:195,1
DA:201,0
DA:202,0
DA:204,1
DA:205,4
DA:206,3
DA:208,2
DA:216,1
DA:224,1
DA:225,2
DA:226,2
DA:227,0
DA:228,2
DA:233,0
DA:234,0
DA:235,0
DA:239,0
DA:240,0
DA:241,0
DA:242,0
DA:249,0
DA:252,0
DA:254,0
DA:255,0
DA:256,0
DA:257,0
DA:258,0
DA:262,0
DA:263,0
DA:264,0
DA:265,0
DA:266,0
DA:271,0
DA:273,0
DA:274,0
DA:275,0
DA:276,0
DA:277,0
DA:278,0
DA:280,0
DA:283,0
DA:284,0
DA:286,0
DA:290,0
DA:291,0
DA:292,0
DA:293,0
DA:301,0
DA:302,0
DA:303,0
DA:304,0
DA:305,0
DA:312,0
DA:313,0
DA:315,0
DA:323,1
DA:324,1
DA:325,2
DA:327,2
DA:332,2
DA:333,1
DA:334,1
DA:336,2
DA:337,1
DA:342,2
DA:343,2
DA:344,3
DA:345,2
DA:347,0
DA:352,1
DA:354,3
DA:355,3
DA:356,1
DA:357,4
DA:361,4
DA:362,1
DA:363,1
DA:366,3
DA:372,1
DA:377,1
DA:378,1
DA:380,2
DA:381,2
DA:382,4
DA:385,2
DA:386,1
DA:387,3
DA:396,3
DA:397,3
DA:398,1
DA:399,6
DA:401,3
DA:403,3
DA:406,2
DA:407,3
DA:408,1
DA:413,1
DA:414,1
DA:415,1
DA:416,3
DA:418,1
DA:419,2
DA:421,3
DA:427,1
DA:430,4
DA:431,1
DA:432,1
DA:433,1
DA:434,1
DA:435,1
DA:439,0
DA:441,0
DA:443,0
DA:444,0
DA:446,4
DA:450,1
DA:454,3
DA:460,1
DA:462,1
DA:469,1
DA:470,1
DA:471,5
DA:472,3
DA:475,4
DA:476,2
DA:477,3
DA:478,1
DA:484,1
DA:485,1
DA:486,1
DA:487,2
DA:488,2
DA:489,4
DA:491,2
DA:495,4
DA:501,2
DA:506,1
DA:507,1
DA:508,2
DA:509,1
DA:510,2
DA:511,1
DA:515,1
DA:516,1
DA:520,1
DA:521,1
DA:522,1
DA:524,1
DA:526,1
DA:530,1
DA:531,3
DA:532,1
DA:535,1
DA:538,1
DA:539,3
DA:542,1
DA:544,2
DA:545,5
DA:546,2
DA:547,4
DA:548,1
DA:549,1
DA:555,1
DA:556,1
DA:557,3
DA:558,3
DA:559,1
DA:562,3
DA:563,4
DA:564,1
DA:565,2
DA:566,1
DA:571,3
DA:572,1
DA:574,1
DA:580,1
DA:584,1
DA:588,1
DA:589,1
DA:592,1
DA:596,1
DA:600,4
DA:601,1
DA:606,1
DA:607,1
DA:608,1
DA:609,4
DA:610,1
DA:611,2
DA:612,1
DA:618,1
DA:624,1
DA:625,1
DA:626,1
DA:627,1
DA:638,1
DA:639,1
DA:643,1
DA:644,1
DA:648,1
DA:649,1
DA:654,1
DA:655,1
DA:659,1
DA:660,1
DA:664,1
DA:666,1
DA:670,1
DA:672,1
DA:677,1
DA:679,1
DA:683,1
DA:684,1
DA:687,1
DA:691,1
DA:692,1
DA:695,1
DA:696,1
DA:699,1
DA:700,1
DA:704,1
DA:706,2
DA:707,1
DA:711,1
DA:713,1
DA:718,1
DA:720,2
DA:721,2
DA:722,1
DA:723,2
DA:728,1
DA:730,3
DA:731,2
DA:732,3
DA:738,1
DA:740,1
DA:743,1
DA:744,5
DA:745,1
DA:747,1
DA:754,1
DA:755,2
DA:756,5
DA:759,1
DA:760,2
DA:763,1
DA:764,2
DA:766,3
DA:767,1
DA:769,1
DA:770,2
DA:771,1
DA:773,4
DA:775,1
DA:776,1
DA:777,1
DA:778,2
DA:780,1
DA:783,1
DA:785,1
DA:790,0
DA:791,0
DA:796,1
DA:797,1
DA:798,1
DA:803,1
DA:804,3
DA:807,1
DA:813,2
DA:814,8
DA:815,2
DA:816,2
DA:817,2
DA:818,3
DA:819,2
DA:820,2
DA:821,2
DA:822,2
DA:823,4
DA:824,2
DA:825,2
DA:826,3
DA:827,3
DA:828,2
DA:829,2
DA:830,2
DA:833,2
DA:834,3
DA:835,2
DA:836,2
DA:840,24
DA:856,1
DA:857,1
DA:858,2
DA:859,1
DA:860,1
DA:862,2
LF:338
LH:286
end_of_record
SF:lib/core/background/ssh_foreground_service.dart
DA:14,0
DA:15,0
DA:19,0
DA:20,0
DA:30,0
DA:31,0
DA:42,1
DA:43,1
DA:48,0
DA:49,0
DA:50,0
DA:58,0
DA:60,0
DA:63,0
DA:69,0
DA:72,0
DA:73,0
DA:79,0
DA:81,0
DA:91,1
DA:92,1
DA:94,0
DA:95,0
DA:102,0
DA:104,0
DA:110,0
DA:112,0
DA:113,0
DA:116,0
DA:118,0
DA:120,0
DA:121,0
DA:123,0
DA:126,0
DA:128,0
LF:35
LH:4
end_of_record
SF:lib/core/navigation/navigator_key.dart
DA:5,0
LF:1
LH:0
end_of_record
SF:lib/core/notification/notification_service.dart
DA:4,1
DA:5,3
DA:10,0
DA:11,0
DA:20,0
DA:21,0
DA:25,0
DA:27,1
DA:33,1
DA:50,0
DA:52,0
DA:53,0
DA:61,0
DA:62,0
DA:63,0
LF:15
LH:4
end_of_record
SF:lib/features/terminal/host_key_dialog.dart
DA:6,0
DA:15,0
DA:17,0
DA:18,0
DA:19,0
DA:22,0
DA:25,0
DA:26,0
DA:27,0
DA:28,0
DA:36,0
DA:37,0
DA:38,0
DA:39,0
DA:43,0
DA:45,0
DA:46,0
DA:47,0
DA:49,0
DA:50,0
DA:64,0
DA:65,0
DA:66,0
DA:69,0
DA:70,0
DA:81,0
DA:92,0
DA:94,0
DA:95,0
DA:96,0
DA:97,0
DA:98,0
DA:99,0
DA:102,0
DA:103,0
DA:105,0
DA:106,0
DA:114,0
DA:117,0
DA:118,0
DA:119,0
DA:126,0
DA:130,0
DA:133,0
DA:135,0
DA:138,0
DA:140,0
DA:145,0
DA:146,0
DA:147,0
DA:148,0
DA:151,0
DA:152,0
DA:153,0
DA:162,0
DA:172,0
DA:174,0
DA:176,0
DA:177,0
DA:178,0
DA:179,0
DA:180,0
DA:185,0
DA:187,0
DA:188,0
DA:189,0
DA:191,0
DA:192,0
DA:193,0
DA:196,0
LF:70
LH:0
end_of_record
SF:lib/features/terminal/session_manager.dart
DA:8,2
DA:24,14
DA:34,1
DA:40,1
DA:41,1
DA:44,1
DA:45,1
DA:53,2
DA:58,1
DA:59,1
DA:63,1
DA:65,7
DA:67,4
DA:69,2
DA:70,1
DA:71,3
DA:73,3
DA:80,1
DA:81,1
DA:83,2
DA:88,1
DA:89,2
DA:90,3
DA:91,1
DA:92,1
DA:93,3
DA:97,1
DA:98,3
DA:103,1
DA:104,3
DA:105,2
DA:106,2
DA:107,1
DA:115,1
DA:119,1
DA:121,1
DA:128,1
DA:133,2
DA:134,2
DA:135,1
DA:141,4
DA:142,3
DA:143,2
DA:148,1
DA:150,3
DA:154,1
DA:155,1
DA:156,2
DA:158,0
DA:164,6
DA:165,3
LF:51
LH:50
end_of_record
SF:lib/features/connections/connection_provider.dart
DA:8,0
DA:9,0
DA:12,6
DA:13,0
DA:16,9
DA:17,0
DA:18,0
DA:19,0
DA:23,0
DA:24,0
DA:25,0
DA:29,1
DA:31,4
DA:34,1
DA:43,3
DA:44,2
DA:47,1
DA:49,1
DA:52,1
DA:56,1
DA:66,3
DA:67,1
DA:69,1
DA:70,1
DA:71,1
DA:72,1
DA:73,1
DA:74,1
DA:78,1
DA:91,1
DA:97,3
DA:99,1
DA:100,1
DA:102,1
DA:106,1
DA:107,1
DA:109,1
DA:113,2
DA:117,1
DA:123,4
DA:125,2
DA:130,6
DA:131,3
LF:43
LH:34
end_of_record
SF:lib/features/connections/connection_edit_screen.dart
DA:11,1
DA:15,1
DA:17,1
DA:33,1
DA:35,1
DA:36,2
DA:37,1
DA:38,1
DA:42,1
DA:43,3
DA:44,3
DA:45,1
DA:46,3
DA:47,3
DA:48,4
DA:49,3
DA:50,2
DA:51,2
DA:54,3
DA:55,2
DA:56,0
DA:57,0
DA:60,2
DA:61,0
DA:62,0
DA:65,2
DA:66,0
DA:67,0
DA:72,1
DA:74,2
DA:75,2
DA:76,2
DA:77,2
DA:78,2
DA:79,2
DA:80,2
DA:81,1
DA:84,0
DA:86,0
DA:90,0
DA:91,0
DA:93,0
DA:94,0
DA:95,0
DA:98,0
DA:99,0
DA:100,0
DA:106,1
DA:108,1
DA:109,1
DA:110,2
DA:112,1
DA:113,1
DA:114,1
DA:116,1
DA:117,1
DA:118,1
DA:126,1
DA:127,1
DA:133,1
DA:134,2
DA:141,1
DA:142,1
DA:148,2
DA:149,1
DA:150,1
DA:151,1
DA:152,2
DA:159,1
DA:160,1
DA:165,1
DA:166,2
DA:173,1
DA:174,1
DA:183,1
DA:185,3
DA:190,2
DA:191,1
DA:192,1
DA:199,3
DA:200,1
DA:201,1
DA:211,1
DA:212,2
DA:213,1
DA:220,1
DA:221,1
DA:226,1
DA:227,1
DA:236,1
DA:237,1
DA:238,2
DA:239,1
DA:246,2
DA:254,1
DA:255,3
DA:257,3
DA:260,4
DA:261,2
DA:263,2
DA:265,1
DA:266,0
DA:267,0
DA:268,0
DA:269,0
DA:270,0
DA:271,0
DA:272,0
DA:274,0
DA:278,0
DA:279,0
DA:280,0
DA:282,0
DA:286,1
DA:287,3
DA:288,3
DA:289,3
DA:290,3
DA:291,1
DA:293,4
DA:296,0
DA:297,0
DA:298,0
DA:302,1
DA:303,3
DA:306,0
DA:307,0
DA:308,0
DA:312,1
DA:313,3
LF:130
LH:96
end_of_record
SF:lib/features/connections/connection_list_screen.dart
DA:9,1
DA:11,1
DA:13,2
DA:15,1
DA:16,1
DA:17,1
DA:21,1
DA:22,1
DA:25,1
DA:28,0
DA:33,1
DA:34,1
DA:35,1
DA:36,1
DA:37,1
DA:39,1
DA:40,2
DA:42,1
DA:44,3
DA:52,1
DA:53,1
DA:54,1
DA:55,1
DA:56,1
DA:60,1
DA:61,0
DA:63,1
DA:66,1
DA:67,0
DA:68,0
DA:79,1
DA:83,1
DA:85,1
DA:86,1
DA:87,3
DA:90,1
DA:91,7
DA:93,8
DA:95,0
DA:96,0
DA:97,0
DA:98,0
DA:99,0
DA:100,0
DA:103,0
DA:105,1
DA:106,1
DA:108,2
DA:109,1
DA:111,1
DA:112,1
DA:115,0
DA:116,0
DA:117,0
DA:118,0
DA:122,1
DA:126,0
DA:127,0
DA:128,0
DA:139,0
DA:140,0
DA:142,0
DA:144,0
DA:145,0
DA:147,0
DA:148,0
DA:149,0
DA:152,0
DA:153,0
DA:155,0
DA:156,0
DA:157,0
DA:159,0
LF:73
LH:41
end_of_record
SF:lib/features/server_monitor/server_monitor_dialog.dart
DA:14,1
DA:21,1
DA:22,1
DA:29,2
DA:33,1
DA:35,1
DA:45,1
DA:47,1
DA:48,1
DA:49,3
DA:50,1
DA:54,1
DA:56,2
DA:57,1
DA:60,1
DA:62,1
DA:65,2
DA:66,1
DA:67,2
DA:71,1
DA:72,5
DA:73,1
DA:75,1
DA:76,2
DA:77,1
DA:78,1
DA:83,1
DA:84,1
DA:85,2
DA:86,1
DA:87,1
DA:88,1
DA:91,1
DA:92,2
DA:93,1
DA:94,2
DA:109,1
DA:115,1
DA:117,2
DA:119,2
DA:121,2
DA:122,1
DA:125,1
DA:127,4
DA:128,1
DA:129,1
DA:130,1
DA:131,1
DA:133,1
DA:136,1
DA:138,1
DA:139,1
DA:153,2
DA:154,1
DA:156,1
DA:157,3
DA:158,1
DA:165,2
DA:166,1
DA:172,2
DA:173,1
DA:174,1
DA:175,1
DA:176,1
DA:177,1
DA:187,1
DA:188,1
DA:190,1
DA:191,2
DA:192,1
DA:194,1
DA:195,1
DA:198,1
DA:199,1
DA:200,1
DA:209,1
DA:210,1
DA:211,1
DA:213,1
DA:215,1
DA:218,1
DA:220,1
DA:221,2
DA:222,2
DA:223,2
DA:230,1
DA:233,1
DA:235,1
DA:236,2
DA:237,2
DA:238,2
DA:245,3
DA:246,1
DA:249,1
DA:251,1
DA:252,1
DA:253,1
DA:254,1
DA:255,3
DA:257,4
DA:262,2
DA:263,4
DA:264,5
DA:275,3
DA:276,1
DA:279,1
DA:280,1
DA:281,3
DA:283,1
DA:285,1
DA:286,1
DA:289,1
DA:290,1
DA:291,1
DA:292,1
DA:299,1
DA:300,2
DA:301,1
DA:302,2
DA:306,2
DA:314,1
DA:315,1
DA:316,1
DA:317,2
DA:319,3
DA:324,1
DA:325,5
DA:332,1
DA:339,2
DA:340,1
DA:343,1
DA:344,1
DA:371,4
DA:373,1
DA:374,1
DA:375,1
DA:377,1
DA:378,1
DA:384,1
DA:386,1
DA:387,1
DA:393,1
DA:395,1
DA:396,1
DA:413,1
DA:418,1
DA:421,1
DA:422,1
DA:423,1
DA:425,1
DA:427,1
DA:428,1
DA:429,1
DA:430,1
DA:432,1
DA:449,1
DA:450,1
DA:452,1
DA:454,1
DA:455,1
DA:457,1
DA:462,1
DA:463,1
DA:473,1
DA:474,1
DA:475,1
DA:476,1
DA:482,1
DA:488,1
DA:489,1
DA:490,1
DA:491,2
LF:172
LH:172
end_of_record
SF:lib/widgets/quick_action_bar.dart
DA:7,2
DA:38,2
DA:40,2
DA:41,2
DA:43,2
DA:45,2
DA:47,2
DA:48,2
DA:49,2
DA:50,2
DA:52,2
DA:54,2
DA:56,3
DA:58,2
DA:60,0
DA:62,2
DA:63,2
DA:65,3
DA:67,2
DA:69,0
DA:71,2
DA:73,0
DA:75,2
DA:77,0
DA:79,2
DA:80,4
DA:81,2
DA:83,2
DA:86,4
DA:87,2
DA:89,2
DA:92,4
DA:93,2
DA:94,2
DA:95,2
DA:98,6
DA:99,2
DA:100,2
DA:102,3
DA:104,2
DA:106,3
DA:108,2
DA:110,0
DA:112,2
DA:114,0
DA:116,2
DA:118,2
DA:120,2
DA:121,2
DA:123,2
DA:125,2
DA:127,2
DA:129,2
DA:131,2
DA:133,2
DA:135,2
DA:137,2
DA:138,2
DA:139,2
DA:140,2
DA:141,2
DA:143,4
DA:144,2
DA:146,3
DA:148,2
DA:150,3
DA:152,2
DA:154,3
DA:163,1
DA:164,1
DA:166,1
DA:167,1
DA:170,2
DA:171,1
DA:172,1
DA:174,1
DA:177,2
DA:178,1
DA:179,1
DA:180,1
DA:183,1
DA:184,1
DA:185,2
DA:186,1
DA:190,2
DA:192,1
DA:215,1
DA:216,1
DA:222,2
DA:232,2
DA:234,2
DA:236,2
DA:237,4
DA:238,2
DA:239,2
DA:240,2
DA:241,2
DA:242,2
DA:246,2
DA:255,2
DA:263,2
DA:265,2
DA:266,2
DA:267,5
DA:268,2
DA:271,2
DA:278,2
DA:286,2
DA:288,2
DA:303,1
DA:304,2
DA:305,1
DA:306,1
DA:307,3
DA:308,2
DA:309,1
DA:314,1
DA:315,1
DA:316,1
DA:317,6
DA:318,1
DA:319,1
DA:323,1
DA:324,3
DA:325,3
DA:326,1
DA:328,3
DA:329,3
DA:330,1
DA:331,0
DA:334,3
DA:339,1
DA:340,1
DA:341,2
DA:342,1
DA:343,1
DA:346,1
DA:347,2
DA:348,2
DA:349,1
DA:350,2
DA:351,1
DA:352,1
DA:356,3
DA:357,3
DA:359,1
DA:360,3
DA:364,2
DA:368,3
DA:369,2
DA:370,3
DA:371,2
DA:372,2
DA:373,2
DA:376,2
DA:378,2
DA:379,2
DA:380,2
DA:383,2
DA:385,2
DA:387,2
DA:388,2
DA:389,2
DA:390,2
DA:391,2
DA:392,2
DA:396,2
DA:397,5
DA:398,2
DA:400,6
DA:408,2
DA:412,2
DA:418,2
DA:420,2
DA:421,2
DA:422,2
DA:423,4
DA:424,2
DA:425,2
LF:179
LH:172
end_of_record
SF:lib/features/terminal/ime/ime_input_handler.dart
DA:11,1
DA:23,3
DA:24,3
DA:26,1
DA:27,2
DA:31,2
DA:32,6
DA:34,4
DA:35,2
DA:37,2
DA:38,2
DA:40,3
DA:46,1
DA:47,2
DA:48,1
DA:50,1
DA:51,2
DA:53,3
DA:56,1
DA:57,2
DA:58,1
DA:60,1
DA:61,2
DA:63,3
DA:67,1
DA:68,2
DA:72,2
DA:75,1
DA:76,3
DA:79,1
DA:80,2
DA:81,2
LF:32
LH:32
end_of_record
SF:lib/features/terminal/ime/composition_buffer.dart
DA:8,4
DA:9,4
DA:10,4
DA:12,2
DA:13,2
DA:14,2
DA:17,2
DA:18,2
DA:19,2
DA:22,2
DA:23,2
DA:26,2
DA:27,2
DA:28,2
DA:29,2
DA:34,2
DA:35,2
DA:36,2
DA:38,2
DA:39,4
DA:48,2
DA:49,8
LF:22
LH:22
end_of_record
SF:lib/features/terminal/terminal_input_provider.dart
DA:9,1
DA:13,1
DA:14,4
DA:17,1
DA:18,2
DA:21,1
DA:23,3
DA:24,3
DA:27,1
DA:28,3
DA:31,1
DA:32,3
DA:35,1
DA:36,1
DA:39,1
DA:40,1
DA:43,1
DA:44,1
DA:47,1
DA:48,1
DA:51,1
DA:52,1
DA:55,1
DA:56,1
DA:58,1
DA:59,2
LF:26
LH:26
end_of_record
SF:lib/features/terminal/terminal_screen.dart
DA:40,1
DA:42,1
DA:43,1
DA:51,1
DA:53,1
DA:54,2
DA:55,3
DA:57,2
DA:60,1
DA:62,2
DA:63,3
DA:64,2
DA:65,2
DA:66,1
DA:69,0
DA:70,0
DA:71,0
DA:72,0
DA:76,0
DA:77,0
DA:78,0
DA:79,0
DA:84,0
DA:85,0
DA:86,0
DA:87,0
DA:88,0
DA:91,0
DA:92,0
DA:93,0
DA:99,0
DA:100,0
DA:101,0
DA:102,0
DA:103,0
DA:104,0
DA:105,0
DA:112,0
DA:113,0
DA:115,0
DA:117,0
DA:119,0
DA:126,0
DA:128,0
DA:129,0
DA:131,0
DA:132,0
DA:133,0
DA:134,0
DA:135,0
DA:139,0
DA:140,0
DA:142,0
DA:143,0
DA:147,0
DA:148,0
DA:150,0
DA:151,0
DA:152,0
DA:153,0
DA:154,0
DA:155,0
DA:159,0
DA:160,0
DA:161,0
DA:163,0
DA:164,0
DA:165,0
DA:166,0
DA:173,0
DA:174,0
DA:175,0
DA:177,0
DA:179,0
DA:180,0
DA:181,0
DA:183,0
DA:194,0
DA:197,0
DA:198,0
DA:201,0
DA:202,0
DA:203,0
DA:205,0
DA:214,0
DA:215,0
DA:216,0
DA:222,1
DA:224,3
DA:225,1
DA:227,2
DA:228,4
DA:229,0
DA:231,0
DA:243,1
DA:244,0
DA:245,0
DA:253,1
DA:255,7
DA:256,1
DA:259,5
DA:261,1
DA:262,1
DA:265,1
DA:266,4
DA:267,1
DA:268,1
DA:269,2
DA:272,0
DA:274,0
DA:275,0
DA:276,0
DA:277,0
DA:282,1
DA:283,4
DA:284,1
DA:285,1
DA:286,1
DA:287,1
DA:288,0
DA:291,0
DA:296,0
DA:298,0
DA:300,0
DA:302,0
DA:304,0
DA:307,1
DA:308,1
DA:309,1
DA:310,2
DA:313,0
DA:316,2
DA:317,1
DA:318,2
DA:319,0
DA:327,1
DA:328,2
DA:331,0
DA:334,1
DA:337,0
DA:339,1
DA:341,0
DA:342,0
DA:343,0
DA:344,0
DA:345,0
DA:346,0
DA:348,0
DA:349,0
DA:350,0
DA:351,0
DA:353,0
DA:357,0
DA:392,1
DA:394,1
DA:396,1
DA:397,0
DA:398,0
DA:399,0
DA:400,0
DA:401,0
DA:402,0
DA:403,0
DA:404,0
DA:405,0
DA:409,1
DA:411,2
DA:412,0
DA:413,0
DA:414,0
DA:416,0
DA:417,0
DA:418,0
DA:419,0
DA:421,0
DA:423,0
DA:424,0
DA:425,0
DA:426,0
DA:431,1
DA:434,3
DA:435,2
DA:436,1
DA:437,1
DA:438,3
DA:439,1
DA:440,1
DA:442,1
DA:452,1
DA:466,1
DA:467,1
DA:474,0
DA:476,0
DA:477,0
DA:478,0
DA:479,0
DA:484,1
DA:486,2
DA:487,1
DA:490,0
DA:491,0
DA:493,0
DA:495,0
DA:502,1
DA:505,6
DA:506,2
DA:508,1
DA:510,1
DA:511,1
DA:514,2
DA:515,0
DA:516,0
DA:519,0
DA:523,3
DA:524,1
DA:525,3
DA:526,4
DA:527,2
DA:528,1
DA:529,2
DA:531,1
DA:532,2
DA:534,1
DA:536,0
DA:537,1
DA:539,1
DA:540,1
DA:546,1
DA:548,1
DA:549,1
DA:550,1
DA:551,1
DA:552,0
DA:557,1
DA:558,0
DA:559,1
DA:562,1
DA:580,1
DA:599,1
DA:601,1
DA:623,1
DA:626,1
DA:628,1
DA:630,3
DA:631,4
DA:632,2
DA:633,1
DA:634,3
DA:635,1
DA:636,3
DA:637,4
DA:638,3
DA:639,1
DA:640,1
DA:641,6
DA:642,1
DA:643,1
DA:644,6
DA:645,1
DA:649,1
DA:651,2
DA:652,4
DA:653,3
DA:654,0
DA:656,0
DA:657,0
DA:664,0
DA:666,0
DA:667,0
DA:669,0
DA:670,0
DA:671,0
DA:672,0
DA:674,0
DA:675,0
DA:676,0
DA:677,0
DA:681,0
DA:684,0
DA:688,1
DA:690,2
DA:691,3
DA:692,4
DA:693,2
DA:694,1
DA:695,1
DA:696,1
DA:697,2
DA:698,2
DA:699,2
DA:700,2
DA:701,1
DA:706,0
DA:708,0
DA:709,0
DA:710,0
DA:711,0
DA:712,0
DA:716,0
DA:719,0
DA:720,0
DA:721,0
DA:722,0
DA:727,0
DA:728,0
DA:729,0
DA:731,0
DA:733,0
DA:734,0
DA:735,0
DA:737,0
DA:743,0
DA:744,0
DA:747,0
DA:748,0
DA:751,0
DA:752,0
DA:753,0
DA:754,0
DA:757,0
DA:758,0
DA:759,0
DA:760,0
DA:761,0
DA:763,0
DA:764,0
DA:767,0
DA:769,0
DA:770,0
DA:771,0
DA:774,0
DA:775,0
DA:777,0
DA:779,0
DA:780,0
DA:781,0
DA:782,0
DA:783,0
DA:785,0
DA:790,0
DA:793,1
DA:794,1
DA:795,1
DA:796,1
DA:797,1
DA:803,0
DA:804,0
DA:805,0
DA:807,0
DA:809,0
DA:810,0
DA:811,0
DA:812,0
DA:820,0
DA:821,0
DA:823,0
DA:826,0
DA:827,0
DA:828,0
DA:829,0
DA:830,0
DA:835,0
DA:836,0
DA:837,0
DA:839,0
DA:840,0
DA:844,0
DA:845,0
DA:846,0
DA:850,0
DA:854,0
DA:855,0
DA:856,0
DA:857,0
DA:860,0
DA:863,0
DA:864,0
DA:865,0
DA:870,0
DA:871,0
DA:872,0
DA:873,0
DA:874,0
DA:878,1
DA:879,2
DA:880,0
DA:881,0
DA:882,0
DA:885,0
DA:886,0
DA:887,0
DA:888,0
DA:895,0
DA:896,0
DA:897,0
DA:898,0
DA:902,0
DA:903,0
DA:909,0
DA:910,0
DA:911,0
DA:912,0
DA:914,0
DA:915,0
DA:918,0
DA:925,1
DA:928,6
DA:929,2
DA:930,2
DA:934,3
DA:935,3
DA:936,0
DA:938,0
DA:944,0
DA:945,0
DA:946,0
DA:947,0
DA:948,0
DA:950,0
DA:954,0
DA:955,0
DA:956,0
DA:957,0
DA:958,0
DA:960,0
DA:961,0
DA:962,0
DA:964,0
DA:972,0
DA:974,0
DA:975,0
DA:976,0
DA:977,0
DA:978,0
DA:979,0
DA:981,0
DA:985,0
DA:986,0
DA:987,0
DA:988,0
DA:989,0
DA:990,0
DA:996,0
DA:997,0
DA:998,0
DA:1003,0
DA:1007,0
DA:1009,0
DA:1011,0
DA:1012,0
DA:1014,0
DA:1016,0
DA:1023,0
DA:1024,0
DA:1025,0
DA:1026,0
DA:1040,0
DA:1046,0
DA:1048,0
DA:1050,0
DA:1052,0
DA:1053,0
DA:1058,0
DA:1059,0
DA:1061,0
DA:1065,0
DA:1066,0
DA:1067,0
DA:1070,0
DA:1071,0
DA:1072,0
DA:1073,0
DA:1074,0
DA:1076,0
DA:1077,0
DA:1078,0
DA:1081,0
DA:1082,0
DA:1084,0
DA:1089,0
DA:1090,0
DA:1091,0
DA:1093,0
DA:1094,0
DA:1097,0
DA:1098,0
DA:1099,0
DA:1100,0
DA:1101,0
DA:1102,0
DA:1103,0
DA:1104,0
DA:1112,0
DA:1113,0
DA:1115,0
DA:1116,0
DA:1123,0
DA:1124,0
DA:1126,0
DA:1127,0
DA:1128,0
DA:1129,0
DA:1131,0
DA:1139,0
DA:1141,0
DA:1144,0
DA:1150,0
DA:1151,0
DA:1152,0
DA:1155,0
DA:1157,0
DA:1158,0
DA:1159,0
DA:1160,0
DA:1169,0
DA:1173,0
DA:1177,0
DA:1178,0
DA:1179,0
DA:1180,0
DA:1181,0
DA:1182,0
DA:1192,0
DA:1193,0
DA:1194,0
DA:1195,0
DA:1196,0
DA:1200,0
DA:1203,0
DA:1204,0
DA:1205,0
DA:1206,0
DA:1207,0
DA:1211,0
DA:1217,0
DA:1219,0
DA:1222,0
DA:1224,0
DA:1229,0
DA:1230,0
DA:1231,0
DA:1236,0
DA:1238,0
DA:1239,0
DA:1241,0
DA:1242,0
DA:1249,0
DA:1251,0
DA:1252,0
DA:1253,0
DA:1254,0
DA:1262,0
DA:1264,0
DA:1265,0
DA:1268,0
DA:1272,0
DA:1275,0
DA:1276,0
DA:1277,0
DA:1278,0
DA:1279,0
DA:1281,0
DA:1284,0
DA:1285,0
DA:1286,0
DA:1287,0
DA:1288,0
DA:1292,0
DA:1322,1
DA:1326,1
DA:1327,1
DA:1328,1
DA:1329,1
DA:1335,1
DA:1337,2
DA:1338,1
DA:1339,0
DA:1340,0
DA:1341,0
DA:1348,1
DA:1350,1
DA:1352,6
DA:1353,3
DA:1355,1
DA:1356,1
DA:1357,2
DA:1358,1
DA:1359,1
DA:1360,1
DA:1370,1
DA:1371,1
DA:1372,1
DA:1377,1
DA:1378,1
DA:1379,1
DA:1380,0
DA:1381,0
DA:1382,0
DA:1387,1
DA:1388,1
DA:1389,1
DA:1390,1
DA:1391,1
DA:1392,1
DA:1393,1
DA:1394,1
DA:1395,1
DA:1396,1
DA:1405,1
DA:1406,0
DA:1407,0
DA:1409,0
DA:1410,0
DA:1412,1
DA:1413,1
DA:1414,1
DA:1415,0
DA:1417,2
DA:1418,1
DA:1419,2
DA:1420,1
DA:1421,1
DA:1423,0
DA:1424,0
DA:1425,0
DA:1426,0
DA:1427,0
DA:1428,0
DA:1429,0
DA:1436,0
DA:1437,0
DA:1438,0
DA:1439,0
DA:1440,0
DA:1441,0
DA:1442,0
DA:1448,0
DA:1449,0
DA:1451,0
DA:1452,0
LF:640
LH:191
end_of_record
SF:lib/core/platform/clipboard_image_helper.dart
DA:13,0
DA:14,0
DA:18,0
DA:19,0
DA:22,0
DA:24,0
DA:25,0
DA:26,0
DA:27,0
DA:28,0
LF:10
LH:0
end_of_record
SF:lib/core/platform/download_helper.dart
DA:14,0
DA:19,0
DA:20,0
DA:28,0
LF:4
LH:0
end_of_record
SF:lib/core/platform/download_isolate.dart
DA:17,1
DA:24,1
DA:25,3
DA:29,1
DA:30,2
DA:31,2
DA:32,2
DA:33,1
DA:38,0
DA:39,0
DA:40,0
DA:41,0
DA:47,1
DA:52,1
DA:55,0
DA:66,0
DA:67,0
DA:69,0
DA:71,0
DA:81,0
DA:82,0
DA:86,0
DA:90,0
DA:94,0
DA:96,0
DA:98,0
DA:100,0
DA:102,0
DA:104,0
DA:106,0
DA:107,0
DA:109,0
DA:112,0
DA:119,0
DA:121,0
DA:123,0
DA:128,0
DA:129,0
DA:132,0
DA:136,0
DA:137,0
DA:138,0
DA:139,0
DA:140,0
DA:141,0
DA:142,0
DA:144,0
DA:145,0
DA:149,0
DA:153,0
DA:155,0
DA:160,0
DA:163,0
DA:165,0
DA:166,0
DA:171,0
DA:172,0
DA:173,0
DA:176,0
DA:177,0
DA:178,0
DA:179,0
DA:183,0
DA:184,0
DA:187,0
DA:188,0
DA:189,0
DA:190,0
DA:192,0
DA:193,0
DA:194,0
DA:196,0
DA:200,0
DA:206,0
DA:207,0
DA:212,0
DA:215,0
DA:216,0
DA:217,0
DA:222,0
DA:223,0
DA:224,0
DA:229,0
DA:230,0
DA:232,0
DA:234,0
DA:243,0
DA:247,0
DA:248,0
DA:250,0
DA:251,0
DA:253,0
DA:254,0
DA:256,0
DA:257,0
DA:259,0
DA:260,0
DA:264,0
LF:98
LH:10
end_of_record
SF:lib/features/file_browser/file_browser_provider.dart
DA:17,10
DA:47,1
DA:57,1
DA:58,1
DA:59,1
DA:60,1
DA:62,1
DA:65,1
DA:68,1
DA:71,1
DA:74,1
DA:80,2
DA:81,4
DA:82,12
DA:86,2
DA:87,4
DA:88,4
DA:89,2
DA:125,0
DA:126,0
DA:138,1
DA:146,1
DA:147,1
DA:148,1
DA:149,1
DA:150,1
DA:151,1
DA:155,1
DA:156,2
DA:160,1
DA:161,3
DA:162,2
DA:164,1
DA:170,1
DA:179,1
DA:180,1
DA:181,1
DA:182,1
DA:183,1
DA:184,2
DA:188,2
DA:189,4
DA:190,1
DA:191,2
DA:192,1
DA:193,2
DA:194,1
DA:195,1
DA:197,1
DA:201,2
DA:202,4
DA:209,1
DA:210,1
DA:213,2
DA:214,1
DA:215,1
DA:217,1
DA:220,2
DA:221,1
DA:225,1
DA:226,1
DA:229,1
DA:230,1
DA:232,1
DA:235,2
DA:236,2
DA:238,2
DA:239,2
DA:243,2
DA:245,6
DA:246,2
DA:247,2
DA:248,3
DA:249,2
DA:251,2
DA:253,2
DA:255,0
DA:259,1
DA:260,1
DA:261,0
DA:262,2
DA:264,1
DA:265,2
DA:267,6
DA:268,1
DA:269,2
DA:270,2
DA:271,2
DA:272,2
DA:273,0
DA:276,2
DA:277,1
DA:287,1
DA:288,1
DA:291,1
DA:297,1
DA:298,1
DA:302,1
DA:306,3
DA:307,1
DA:317,1
DA:318,1
DA:319,1
DA:326,1
DA:327,2
DA:328,1
DA:330,1
DA:332,2
DA:333,1
DA:336,2
DA:340,1
DA:341,2
DA:343,2
DA:346,1
DA:347,2
DA:349,4
DA:353,1
DA:357,1
DA:358,1
DA:363,1
DA:364,1
DA:365,2
DA:371,1
DA:373,1
DA:379,1
DA:380,1
DA:381,1
DA:382,2
DA:384,1
DA:385,3
DA:389,2
DA:391,3
DA:394,1
DA:395,2
DA:396,1
DA:397,0
DA:400,1
DA:401,4
DA:404,2
DA:406,1
DA:407,1
DA:408,1
DA:409,3
DA:416,1
DA:417,2
DA:418,1
DA:419,3
DA:422,1
DA:426,1
DA:427,1
DA:429,1
DA:432,1
DA:433,1
DA:434,1
DA:437,2
DA:438,2
DA:439,1
DA:440,1
DA:445,1
DA:446,1
DA:453,2
DA:455,1
DA:457,1
DA:458,1
DA:459,1
DA:464,1
DA:468,2
DA:469,0
DA:470,0
DA:473,0
DA:475,0
DA:480,1
DA:481,1
DA:482,1
DA:484,2
DA:485,0
DA:489,0
DA:492,0
DA:493,0
DA:498,2
DA:503,0
DA:504,0
DA:507,0
DA:508,0
DA:509,0
DA:517,1
DA:518,2
DA:520,3
DA:525,1
DA:526,1
DA:527,1
DA:529,1
DA:530,2
DA:531,1
DA:532,2
DA:534,3
DA:539,1
DA:540,1
DA:543,1
DA:545,1
DA:546,1
DA:551,0
DA:553,0
DA:555,0
DA:556,0
DA:557,0
DA:558,0
DA:559,0
DA:564,0
DA:566,0
DA:569,0
DA:570,0
DA:575,2
DA:576,3
DA:577,1
DA:580,0
DA:582,1
DA:584,1
DA:585,4
DA:591,1
DA:592,2
DA:594,3
DA:598,1
DA:599,1
DA:602,1
DA:604,1
DA:607,1
DA:609,1
DA:613,1
DA:614,1
DA:616,1
DA:618,1
DA:620,1
DA:624,9
DA:631,2
DA:633,2
DA:634,4
DA:635,10
DA:636,10
DA:637,8
LF:240
LH:209
end_of_record
SF:lib/features/file_browser/file_browser_screen.dart
DA:15,2
DA:19,1
DA:21,4
DA:23,1
DA:24,1
DA:25,1
DA:26,1
DA:27,2
DA:28,1
DA:29,1
DA:30,1
DA:31,0
DA:33,0
DA:34,0
DA:36,2
DA:37,1
DA:49,1
DA:53,1
DA:55,4
DA:56,1
DA:58,1
DA:60,1
DA:61,1
DA:62,1
DA:64,1
DA:65,1
DA:77,1
DA:78,1
DA:79,1
DA:80,1
DA:83,1
DA:86,1
DA:87,0
DA:88,0
DA:89,0
DA:91,1
DA:92,1
DA:93,1
DA:95,0
DA:97,1
DA:98,2
DA:100,0
DA:101,0
DA:102,0
DA:109,1
DA:110,1
DA:111,0
DA:112,0
DA:113,0
DA:119,0
DA:120,0
DA:121,0
DA:122,0
DA:123,0
DA:127,0
DA:128,0
DA:130,0
DA:131,0
DA:132,0
DA:140,1
DA:148,1
DA:150,5
DA:152,4
DA:153,1
DA:155,2
DA:156,2
DA:157,2
DA:158,2
DA:159,2
DA:161,2
DA:163,1
DA:164,1
DA:166,1
DA:167,2
DA:168,1
DA:171,0
DA:172,0
DA:173,0
DA:174,0
DA:178,0
DA:179,0
DA:180,0
DA:186,0
DA:187,0
DA:188,0
DA:189,0
DA:193,0
DA:194,0
DA:195,0
DA:201,1
DA:203,1
DA:205,1
DA:206,1
DA:207,5
DA:208,2
DA:211,1
DA:212,2
DA:213,1
DA:220,1
DA:221,1
DA:222,1
DA:223,3
DA:227,1
DA:228,1
DA:229,1
DA:235,2
DA:236,1
DA:239,0
DA:241,1
DA:242,1
DA:249,1
DA:250,1
DA:251,1
DA:252,1
DA:253,1
DA:255,2
DA:256,0
DA:257,0
DA:258,0
DA:259,0
DA:260,0
DA:261,0
DA:264,0
DA:265,0
DA:266,0
DA:268,0
DA:269,0
DA:270,0
DA:271,0
DA:272,0
DA:274,0
DA:279,0
DA:280,0
DA:281,0
DA:282,0
DA:283,0
DA:292,0
DA:298,0
DA:300,0
DA:301,0
DA:302,0
DA:303,0
DA:306,0
DA:307,0
DA:308,0
DA:310,0
DA:311,0
DA:312,0
DA:315,0
DA:316,0
DA:322,0
DA:325,0
DA:326,0
DA:328,0
DA:329,0
DA:330,0
DA:336,0
DA:342,0
DA:343,0
DA:345,0
DA:346,0
DA:351,0
DA:355,0
DA:357,0
DA:360,0
DA:361,0
DA:362,0
DA:365,0
DA:366,0
DA:372,0
DA:373,0
DA:375,0
DA:376,0
DA:379,0
DA:380,0
DA:382,0
DA:383,0
DA:384,0
DA:392,0
DA:397,0
DA:399,0
DA:401,0
DA:403,0
DA:404,0
DA:405,0
DA:407,0
DA:409,0
DA:412,0
DA:418,0
DA:419,0
LF:190
LH:78
end_of_record
SF:lib/features/file_browser/file_item_widget.dart
DA:10,1
DA:31,1
DA:32,2
DA:33,4
DA:36,1
DA:38,1
DA:39,2
DA:40,1
DA:41,2
DA:45,2
DA:46,1
DA:47,2
DA:51,1
DA:52,3
DA:53,1
DA:54,1
DA:57,1
DA:58,2
DA:59,2
DA:60,2
DA:61,1
DA:62,1
DA:63,0
DA:64,0
DA:68,1
DA:69,1
DA:70,1
DA:71,1
DA:72,1
DA:73,1
DA:74,1
DA:76,1
DA:77,1
DA:78,1
DA:79,0
DA:80,0
DA:81,0
DA:82,0
DA:83,0
DA:84,0
DA:85,0
DA:86,0
DA:87,0
DA:89,0
DA:90,0
DA:91,0
DA:92,0
DA:93,0
DA:94,0
DA:95,0
DA:96,0
DA:98,0
DA:99,0
DA:100,0
DA:101,0
DA:102,0
DA:103,0
DA:104,0
DA:105,0
DA:106,0
DA:107,0
DA:108,0
DA:109,0
DA:110,0
DA:111,0
DA:113,1
DA:114,4
DA:116,1
DA:117,1
DA:118,2
DA:119,4
DA:121,4
DA:122,2
DA:123,0
DA:124,0
DA:126,0
DA:127,0
DA:129,1
DA:130,1
DA:131,1
DA:132,2
DA:136,1
DA:137,1
DA:138,1
DA:140,1
DA:141,2
DA:142,1
DA:144,1
DA:145,1
DA:147,1
DA:151,0
DA:152,0
DA:153,0
DA:154,0
DA:155,0
DA:156,0
DA:162,1
DA:168,0
DA:169,0
DA:170,0
DA:173,2
DA:174,1
DA:180,0
DA:181,0
DA:182,0
DA:185,3
DA:186,1
DA:192,0
DA:193,0
DA:194,0
DA:197,1
DA:204,0
DA:205,0
DA:206,0
DA:209,1
DA:215,0
DA:216,0
DA:217,0
LF:118
LH:60
end_of_record
SF:lib/features/file_browser/file_preview_screen.dart
DA:11,0
DA:22,0
DA:23,0
DA:34,0
DA:36,0
DA:37,0
DA:40,0
DA:42,0
DA:43,0
DA:44,0
DA:49,0
DA:51,0
DA:52,0
DA:53,0
DA:54,0
DA:55,0
DA:56,0
DA:60,0
DA:61,0
DA:62,0
DA:63,0
DA:69,0
DA:70,0
DA:71,0
DA:72,0
DA:73,0
DA:81,0
DA:83,0
DA:85,0
DA:86,0
DA:87,0
DA:90,0
DA:91,0
DA:92,0
DA:93,0
DA:96,0
DA:98,0
DA:99,0
DA:102,0
DA:103,0
DA:104,0
DA:105,0
DA:106,0
DA:108,0
DA:113,0
DA:117,0
DA:118,0
DA:121,0
DA:122,0
DA:123,0
DA:125,0
DA:127,0
DA:130,0
DA:131,0
DA:140,0
DA:141,0
DA:142,0
DA:143,0
DA:145,0
DA:152,0
DA:153,0
DA:162,0
DA:166,0
DA:168,0
DA:169,0
DA:171,0
DA:172,0
DA:174,0
DA:175,0
DA:177,0
DA:178,0
DA:180,0
DA:181,0
DA:182,0
DA:185,0
DA:186,0
DA:187,0
DA:188,0
DA:195,0
DA:198,0
DA:201,0
DA:202,0
LF:82
LH:0
end_of_record
SF:lib/features/file_browser/path_bar_widget.dart
DA:14,2
DA:25,2
DA:26,2
DA:32,2
DA:34,2
DA:35,2
DA:38,2
DA:39,8
DA:40,14
DA:41,4
DA:44,1
DA:45,1
DA:46,3
DA:47,2
DA:50,0
DA:51,0
DA:52,0
DA:53,0
DA:54,0
DA:55,0
DA:59,0
DA:62,0
DA:63,0
DA:64,0
DA:65,0
DA:69,2
DA:71,2
DA:72,2
DA:73,2
DA:75,2
DA:76,2
DA:77,2
DA:78,2
DA:81,2
DA:82,2
DA:90,2
DA:91,2
DA:92,6
DA:93,2
DA:96,5
DA:97,2
DA:98,2
DA:100,2
DA:101,2
DA:113,2
DA:118,2
DA:127,2
LF:47
LH:36
end_of_record
SF:lib/features/terminal/password_dialog.dart
DA:5,0
DA:9,0
DA:10,0
DA:13,0
DA:14,0
DA:15,0
DA:23,0
DA:25,0
DA:26,0
DA:27,0
DA:30,0
DA:31,0
DA:41,0
DA:42,0
DA:43,0
DA:46,0
DA:48,0
DA:57,0
DA:59,0
DA:60,0
DA:61,0
DA:64,0
DA:65,0
LF:23
LH:0
end_of_record
SF:lib/features/tmux/tmux_manager_screen.dart
DA:9,2
DA:23,1
DA:24,1
DA:31,1
DA:33,1
DA:34,3
DA:35,1
DA:36,3
DA:37,4
DA:38,1
DA:39,4
DA:46,1
DA:48,2
DA:49,1
DA:52,0
DA:53,0
DA:55,0
DA:56,0
DA:57,0
DA:59,0
DA:60,0
DA:61,0
DA:67,1
DA:69,1
DA:70,1
DA:71,1
DA:72,1
DA:73,1
DA:74,1
DA:75,2
DA:76,1
DA:78,0
DA:80,0
DA:81,0
DA:83,2
DA:84,1
DA:85,0
DA:86,0
DA:88,1
DA:90,0
DA:91,0
DA:92,0
DA:93,0
DA:94,0
DA:95,0
DA:97,0
DA:98,0
DA:99,0
DA:102,0
DA:103,0
DA:104,0
DA:105,0
DA:106,0
DA:107,0
DA:116,1
DA:117,1
DA:118,1
DA:120,1
DA:121,1
DA:133,1
DA:134,2
DA:136,0
DA:137,0
DA:139,1
DA:142,3
DA:149,1
DA:150,6
DA:151,2
DA:152,1
DA:153,1
DA:154,0
DA:156,1
DA:160,1
DA:162,2
DA:163,2
DA:164,1
DA:169,1
DA:173,1
DA:175,2
DA:184,0
DA:186,0
DA:187,0
DA:191,1
DA:192,1
DA:193,0
DA:196,1
DA:199,0
DA:202,0
DA:204,0
DA:206,0
DA:209,0
DA:210,0
DA:221,0
DA:228,1
DA:242,1
DA:243,1
DA:247,1
DA:249,4
DA:259,1
DA:260,2
DA:261,1
DA:262,4
DA:263,1
DA:264,4
DA:265,1
DA:267,0
DA:268,0
DA:269,0
DA:271,0
DA:272,0
DA:279,0
DA:280,0
DA:281,0
DA:282,0
DA:283,0
DA:288,0
DA:289,0
DA:292,0
DA:293,0
DA:294,0
DA:297,0
DA:298,0
DA:307,0
DA:309,0
DA:311,0
DA:312,0
DA:313,0
DA:320,0
DA:321,0
DA:322,0
DA:323,0
DA:324,0
DA:326,0
DA:330,0
DA:331,0
DA:332,0
DA:333,0
DA:334,0
DA:339,0
DA:343,0
DA:345,0
DA:354,0
DA:356,0
DA:357,0
DA:361,0
DA:362,0
DA:363,0
DA:366,0
DA:369,0
DA:372,0
DA:374,0
DA:376,0
DA:379,0
DA:380,0
DA:391,0
DA:394,0
DA:395,0
DA:397,0
DA:399,0
DA:400,0
DA:401,0
DA:411,1
DA:423,1
DA:425,1
DA:426,4
DA:428,1
DA:431,1
DA:434,0
DA:435,0
DA:438,1
DA:439,1
DA:441,1
DA:442,3
DA:443,1
DA:444,2
DA:450,2
DA:451,5
DA:452,3
DA:453,2
DA:455,1
DA:456,2
DA:458,1
DA:460,1
DA:466,1
DA:467,1
DA:470,1
DA:477,1
DA:478,2
DA:479,3
DA:480,3
DA:487,1
DA:491,1
DA:493,1
DA:495,1
DA:497,1
DA:514,1
DA:515,1
DA:516,1
DA:518,1
DA:519,1
DA:530,1
DA:535,1
DA:537,1
DA:539,1
DA:540,1
DA:541,1
DA:543,1
DA:544,1
DA:545,2
DA:548,1
DA:549,1
DA:552,1
DA:554,1
DA:556,1
DA:557,1
DA:575,0
DA:580,0
DA:582,0
DA:584,0
DA:585,0
DA:586,0
DA:588,0
DA:590,0
DA:593,0
DA:599,0
DA:600,0
LF:226
LH:115
end_of_record
SF:lib/features/tmux/tmux_provider.dart
DA:23,2
DA:24,4
DA:25,1
DA:26,1
DA:27,1
DA:29,1
DA:33,1
DA:34,2
DA:36,0
DA:39,1
DA:42,2
DA:43,1
DA:44,3
DA:47,1
DA:48,2
DA:49,3
DA:52,3
DA:53,2
DA:55,2
DA:57,0
DA:62,2
DA:65,4
DA:66,6
DA:67,3
DA:68,2
DA:70,2
DA:75,0
DA:76,0
DA:77,0
DA:80,0
DA:81,0
DA:84,1
DA:85,1
DA:88,2
DA:91,0
DA:96,1
DA:97,3
DA:100,2
DA:105,1
DA:107,1
DA:109,2
DA:111,1
DA:114,2
DA:115,3
DA:122,3
DA:123,1
DA:125,1
DA:126,2
DA:128,1
DA:130,1
DA:131,1
DA:134,2
DA:135,1
DA:136,1
DA:138,1
DA:139,2
DA:144,2
DA:145,1
DA:146,1
DA:148,1
DA:149,1
DA:150,1
DA:152,1
DA:162,1
DA:166,1
DA:167,1
DA:169,1
DA:173,1
DA:174,1
DA:180,1
DA:181,5
DA:182,1
DA:184,1
DA:186,1
DA:187,2
DA:192,1
DA:193,1
DA:195,1
DA:197,2
DA:198,1
DA:202,1
DA:203,2
DA:204,2
DA:205,0
DA:210,1
DA:211,2
DA:212,1
DA:218,1
DA:220,2
DA:227,1
DA:233,1
DA:234,1
DA:235,1
DA:238,3
DA:241,1
DA:247,1
DA:255,1
DA:259,1
DA:260,2
DA:261,2
DA:262,1
DA:264,3
DA:265,1
DA:268,1
DA:269,3
DA:270,1
DA:271,1
DA:272,2
DA:273,4
DA:276,2
DA:277,1
DA:278,2
DA:279,2
DA:280,1
DA:281,3
DA:291,1
DA:296,1
DA:303,2
DA:304,4
DA:305,4
DA:306,1
DA:315,2
DA:316,1
DA:319,3
DA:321,1
DA:325,1
DA:329,1
DA:331,1
DA:332,1
DA:333,1
DA:340,6
DA:341,3
DA:346,1
DA:347,1
DA:348,1
DA:349,1
DA:350,1
DA:351,1
DA:354,2
LF:139
LH:130
end_of_record
SF:lib/widgets/terminal_selection_toolbar.dart
DA:7,0
DA:24,0
DA:26,0
DA:27,0
DA:29,0
DA:30,0
DA:31,0
DA:33,0
DA:35,0
DA:36,0
DA:37,0
DA:40,0
DA:43,0
DA:46,0
DA:48,0
DA:51,0
DA:53,0
DA:56,0
DA:57,0
DA:58,0
DA:67,0
DA:68,0
DA:70,0
DA:71,0
DA:72,0
DA:74,0
DA:78,0
DA:79,0
DA:81,0
DA:82,0
DA:83,0
DA:84,0
DA:85,0
DA:93,0
DA:94,0
DA:95,0
DA:96,0
DA:97,0
DA:99,0
DA:100,0
DA:105,0
DA:115,0
DA:117,0
DA:118,0
DA:119,0
DA:120,0
DA:122,0
DA:124,0
DA:125,0
DA:127,0
DA:128,0
LF:51
LH:0
end_of_record
SF:lib/features/tmux/tmux_session_model.dart
DA:3,2
DA:15,1
DA:16,1
DA:17,2
DA:18,2
DA:20,1
DA:23,1
DA:24,3
DA:25,3
DA:26,3
DA:27,3
DA:29,1
DA:30,5
DA:35,9
DA:39,3
DA:44,8
DA:49,8
DA:57,6
DA:59,1
DA:63,1
DA:64,1
DA:65,1
LF:22
LH:22
end_of_record
